TN:
SF:examples/access-control-migration/src/application.ts
FN:37,(anonymous_0)
FN:67,(anonymous_1)
FNF:2
FNH:2
FNDA:1,(anonymous_0)
FNDA:1,(anonymous_1)
DA:6,1
DA:7,1
DA:8,1
DA:9,1
DA:10,1
DA:11,1
DA:12,1
DA:13,1
DA:14,1
DA:15,1
DA:16,1
DA:20,1
DA:32,1
DA:34,1
DA:38,1
DA:41,1
DA:44,1
DA:46,1
DA:48,1
DA:50,1
DA:51,1
DA:52,1
DA:53,1
DA:55,1
DA:57,1
DA:68,1
LF:26
LH:26
BRDA:37,0,0,0
BRF:1
BRH:0
end_of_record
TN:
SF:examples/access-control-migration/src/index.ts
FN:8,main
FN:37,(anonymous_1)
FNF:2
FNH:0
FNDA:0,main
FNDA:0,(anonymous_1)
DA:6,1
DA:8,1
DA:9,0
DA:10,0
DA:11,0
DA:13,0
DA:14,0
DA:15,0
DA:19,1
DA:20,1
DA:21,1
DA:22,1
DA:25,1
DA:27,0
DA:37,0
DA:38,0
DA:39,0
LF:17
LH:7
BRDA:8,0,0,0
BRDA:25,1,0,0
BRDA:25,1,1,1
BRDA:29,2,0,0
BRDA:29,2,1,0
BRDA:29,3,0,0
BRDA:29,3,1,0
BRDA:30,4,0,0
BRDA:30,4,1,0
BRDA:30,5,0,0
BRDA:30,5,1,0
BRF:11
BRH:1
end_of_record
TN:
SF:examples/access-control-migration/src/keys.ts
FNF:0
FNH:0
DA:6,1
DA:8,1
LF:2
LH:2
BRF:0
BRH:0
end_of_record
TN:
SF:examples/access-control-migration/src/sequence.ts
FNF:0
FNH:0
DA:6,1
DA:8,1
LF:2
LH:2
BRF:0
BRH:0
end_of_record
TN:
SF:examples/access-control-migration/src/components/casbin-authorization/casbin-authorization-component.ts
FN:10,(anonymous_0)
FNF:1
FNH:1
FNDA:1,(anonymous_0)
DA:6,1
DA:7,1
DA:8,1
DA:10,1
DA:11,1
LF:5
LH:5
BRF:0
BRH:0
end_of_record
TN:
SF:examples/access-control-migration/src/components/casbin-authorization/index.ts
FNF:0
FNH:0
DA:6,1
DA:7,1
LF:2
LH:2
BRF:0
BRH:0
end_of_record
TN:
SF:examples/access-control-migration/src/components/casbin-authorization/services/assign-project-instance-id.voter.ts
FN:23,assignProjectInstanceId
FN:43,getResourceName
FNF:2
FNH:2
FNDA:9,assignProjectInstanceId
FNDA:9,getResourceName
DA:6,1
DA:11,1
DA:23,1
DA:27,9
DA:28,9
DA:33,9
DA:34,9
DA:45,9
DA:47,0
LF:9
LH:8
BRDA:29,0,0,9
BRDA:29,0,1,0
BRDA:29,1,0,9
BRDA:29,1,1,9
BRDA:45,2,0,9
BRDA:45,2,1,0
BRF:6
BRH:4
end_of_record
TN:
SF:examples/access-control-migration/src/components/casbin-authorization/services/casbin.authorizer.ts
FN:21,(anonymous_0)
FN:29,(anonymous_1)
FN:33,(anonymous_2)
FN:84,(anonymous_3)
FNF:4
FNH:4
FNDA:12,(anonymous_0)
FNDA:12,(anonymous_1)
FNDA:12,(anonymous_2)
FNDA:12,(anonymous_3)
DA:6,1
DA:13,1
DA:15,1
DA:16,1
DA:17,1
DA:20,1
DA:23,12
DA:30,12
DA:37,12
DA:38,12
DA:42,12
DA:44,12
DA:50,12
DA:52,12
DA:53,12
DA:55,12
DA:58,12
DA:59,17
DA:61,17
DA:67,17
DA:68,17
DA:69,7
DA:70,7
DA:74,12
DA:76,12
DA:77,5
DA:78,0
DA:85,12
LF:28
LH:27
BRDA:42,0,0,12
BRDA:42,0,1,0
BRDA:42,1,0,12
BRDA:42,1,1,12
BRDA:42,2,0,9
BRDA:42,2,1,3
BRDA:42,3,0,12
BRDA:42,3,1,12
BRDA:47,4,0,12
BRDA:47,4,1,0
BRDA:47,5,0,12
BRDA:47,5,1,12
BRDA:47,6,0,0
BRDA:47,6,1,12
BRDA:47,7,0,12
BRDA:47,7,1,12
BRDA:52,8,0,0
BRDA:52,8,1,12
BRDA:53,9,0,0
BRDA:53,9,1,12
BRDA:68,10,0,7
BRDA:68,10,1,10
BRDA:76,11,0,7
BRDA:76,11,1,5
BRDA:77,12,0,5
BRDA:77,12,1,0
BRF:26
BRH:20
end_of_record
TN:
SF:examples/access-control-migration/src/components/casbin-authorization/services/casbin.enforcers.ts
FN:15,getCasbinEnforcerByName
FN:28,createEnforcerByRole
FNF:2
FNH:2
FNDA:17,getCasbinEnforcerByName
FNDA:51,createEnforcerByRole
DA:6,1
DA:7,1
DA:9,1
DA:15,1
DA:18,17
DA:23,17
DA:24,17
DA:25,0
DA:28,1
DA:31,51
DA:35,51
DA:36,51
LF:12
LH:11
BRDA:23,0,0,17
BRDA:23,0,1,0
BRF:2
BRH:1
end_of_record
TN:
SF:examples/access-control-migration/src/components/casbin-authorization/services/index.ts
FNF:0
FNH:0
DA:6,1
DA:7,1
DA:8,1
LF:3
LH:3
BRF:0
BRH:0
end_of_record
TN:
SF:examples/access-control-migration/src/components/jwt-authentication/index.ts
FNF:0
FNH:0
DA:6,1
DA:7,1
DA:8,1
LF:3
LH:3
BRF:0
BRH:0
end_of_record
TN:
SF:examples/access-control-migration/src/components/jwt-authentication/jwt-authentication-component.ts
FN:34,(anonymous_0)
FNF:1
FNH:1
FNDA:1,(anonymous_0)
DA:6,1
DA:7,1
DA:14,1
DA:19,1
DA:20,1
DA:21,1
DA:23,1
DA:24,1
DA:35,1
LF:9
LH:9
BRF:0
BRH:0
end_of_record
TN:
SF:examples/access-control-migration/src/components/jwt-authentication/keys.ts
FN:13,(anonymous_0)
FN:18,(anonymous_1)
FN:30,(anonymous_2)
FNF:3
FNH:3
FNDA:1,(anonymous_0)
FNDA:1,(anonymous_1)
FNDA:1,(anonymous_2)
DA:7,1
DA:13,1
DA:14,1
DA:15,1
DA:18,1
DA:19,1
DA:22,1
DA:25,1
DA:30,1
DA:31,1
LF:10
LH:10
BRDA:13,0,0,1
BRDA:13,0,1,1
BRDA:18,1,0,1
BRDA:18,1,1,1
BRDA:30,2,0,1
BRDA:30,2,1,1
BRF:6
BRH:6
end_of_record
TN:
SF:examples/access-control-migration/src/components/jwt-authentication/services/index.ts
FNF:0
FNH:0
DA:6,1
DA:7,1
DA:8,1
DA:9,1
LF:4
LH:4
BRF:0
BRH:0
end_of_record
TN:
SF:examples/access-control-migration/src/components/jwt-authentication/services/jwt.auth.strategy.ts
FN:15,(anonymous_0)
FN:20,(anonymous_1)
FN:26,(anonymous_2)
FNF:3
FNH:3
FNDA:16,(anonymous_0)
FNDA:16,(anonymous_1)
FNDA:16,(anonymous_2)
DA:7,1
DA:8,1
DA:10,1
DA:12,1
DA:13,16
DA:17,16
DA:21,16
DA:22,12
DA:23,12
DA:27,16
DA:28,4
DA:32,12
DA:34,12
DA:35,0
DA:41,12
DA:42,12
DA:43,0
DA:46,12
DA:48,12
LF:19
LH:17
BRDA:27,0,0,4
BRDA:27,0,1,12
BRDA:34,1,0,0
BRDA:34,1,1,12
BRDA:42,2,0,0
BRDA:42,2,1,12
BRF:6
BRH:4
end_of_record
TN:
SF:examples/access-control-migration/src/components/jwt-authentication/services/jwt.service.ts
FN:18,(anonymous_0)
FN:25,(anonymous_1)
FN:54,(anonymous_2)
FNF:3
FNH:3
FNDA:19,(anonymous_0)
FNDA:12,(anonymous_1)
FNDA:3,(anonymous_2)
DA:7,1
DA:8,1
DA:9,1
DA:10,1
DA:11,1
DA:13,1
DA:14,1
DA:15,1
DA:17,1
DA:20,19
DA:22,19
DA:26,12
DA:27,0
DA:34,12
DA:36,12
DA:38,12
DA:47,0
DA:51,12
DA:55,3
DA:56,0
DA:60,3
DA:67,3
DA:68,3
DA:72,0
DA:75,3
LF:25
LH:21
BRDA:26,0,0,0
BRDA:26,0,1,12
BRDA:55,1,0,0
BRDA:55,1,1,3
BRF:4
BRH:2
end_of_record
TN:
SF:examples/access-control-migration/src/components/jwt-authentication/services/security.spec.ts
FNF:0
FNH:0
DA:8,1
DA:12,1
LF:2
LH:2
BRF:0
BRH:0
end_of_record
TN:
SF:examples/access-control-migration/src/components/jwt-authentication/services/user.service.ts
FN:24,(anonymous_0)
FN:28,(anonymous_1)
FN:57,(anonymous_2)
FNF:3
FNH:3
FNDA:3,(anonymous_0)
FNDA:3,(anonymous_1)
FNDA:3,(anonymous_2)
DA:7,1
DA:8,1
DA:9,1
DA:10,1
DA:12,1
DA:23,1
DA:25,3
DA:29,3
DA:31,3
DA:34,3
DA:35,0
DA:38,3
DA:41,3
DA:42,0
DA:45,3
DA:50,3
DA:51,0
DA:54,3
DA:58,3
LF:19
LH:16
BRDA:34,0,0,0
BRDA:34,0,1,3
BRDA:41,1,0,0
BRDA:41,1,1,3
BRDA:50,2,0,0
BRDA:50,2,1,3
BRF:6
BRH:3
end_of_record
TN:
SF:examples/access-control-migration/src/controllers/project.controller.ts
FN:45,(anonymous_0)
FN:69,(anonymous_1)
FN:71,(anonymous_2)
FN:92,(anonymous_3)
FN:111,(anonymous_4)
FN:125,(anonymous_5)
FN:146,(anonymous_6)
FNF:7
FNH:7
FNDA:16,(anonymous_0)
FNDA:4,(anonymous_1)
FNDA:8,(anonymous_2)
FNDA:1,(anonymous_3)
FNDA:2,(anonymous_4)
FNDA:3,(anonymous_5)
FNDA:1,(anonymous_6)
DA:6,1
DA:7,1
DA:8,1
DA:9,1
DA:10,1
DA:11,1
DA:12,1
DA:13,1
DA:16,1
DA:17,1
DA:44,1
DA:47,16
DA:69,1
DA:70,4
DA:71,8
DA:92,1
DA:93,1
DA:111,1
DA:112,2
DA:125,1
DA:129,3
DA:130,3
DA:146,1
DA:150,1
DA:151,1
DA:152,0
DA:154,1
LF:27
LH:26
BRDA:151,0,0,0
BRDA:151,0,1,1
BRF:2
BRH:1
end_of_record
TN:
SF:examples/access-control-migration/src/controllers/user.controller.ts
FN:42,(anonymous_0)
FN:68,(anonymous_1)
FNF:2
FNH:2
FNDA:3,(anonymous_0)
FNDA:3,(anonymous_1)
DA:9,1
DA:10,1
DA:11,1
DA:18,1
DA:33,1
DA:41,1
DA:44,3
DA:46,3
DA:68,1
DA:72,3
DA:75,3
DA:78,3
DA:80,3
LF:13
LH:13
BRF:0
BRH:0
end_of_record
TN:
SF:examples/access-control-migration/src/datasources/db.datasource.ts
FN:20,(anonymous_0)
FNF:1
FNH:1
FNDA:1,(anonymous_0)
DA:6,1
DA:7,1
DA:9,1
DA:16,1
DA:17,1
DA:18,1
DA:24,1
LF:7
LH:7
BRDA:22,0,0,0
BRF:1
BRH:0
end_of_record
TN:
SF:examples/access-control-migration/src/datasources/index.ts
FNF:0
FNH:0
DA:6,1
LF:1
LH:1
BRF:0
BRH:0
end_of_record
TN:
SF:examples/access-control-migration/src/models/index.ts
FNF:0
FNH:0
DA:6,1
DA:7,1
DA:8,1
DA:9,1
LF:4
LH:4
BRF:0
BRH:0
end_of_record
TN:
SF:examples/access-control-migration/src/models/project.model.ts
FN:38,(anonymous_0)
FN:29,(anonymous_1)
FNF:2
FNH:2
FNDA:24,(anonymous_0)
FNDA:34,(anonymous_1)
DA:6,1
DA:7,1
DA:10,1
DA:17,1
DA:22,1
DA:27,1
DA:29,34
DA:30,1
DA:39,24
LF:9
LH:9
BRF:0
BRH:0
end_of_record
TN:
SF:examples/access-control-migration/src/models/team.model.ts
FN:37,(anonymous_0)
FNF:1
FNH:1
FNDA:4,(anonymous_0)
DA:6,1
DA:9,1
DA:16,1
DA:22,1
DA:29,1
DA:38,4
LF:6
LH:6
BRF:0
BRH:0
end_of_record
TN:
SF:examples/access-control-migration/src/models/user-credentials.model.ts
FN:34,(anonymous_0)
FNF:1
FNH:1
FNDA:9,(anonymous_0)
DA:6,1
DA:9,1
DA:14,1
DA:20,1
DA:26,1
DA:35,9
LF:6
LH:6
BRF:0
BRH:0
end_of_record
TN:
SF:examples/access-control-migration/src/models/user.model.ts
FN:65,(anonymous_0)
FN:53,(anonymous_1)
FN:56,(anonymous_2)
FNF:3
FNH:3
FNDA:9,(anonymous_0)
FNDA:8,(anonymous_1)
FNDA:8,(anonymous_2)
DA:6,1
DA:7,1
DA:8,1
DA:15,1
DA:23,1
DA:28,1
DA:34,1
DA:41,1
DA:46,1
DA:51,1
DA:53,8
DA:54,1
DA:56,8
DA:57,1
DA:66,9
LF:15
LH:15
BRF:0
BRH:0
end_of_record
TN:
SF:examples/access-control-migration/src/observers/sample.observer.ts
FN:25,(anonymous_0)
FN:36,(anonymous_1)
FN:48,(anonymous_2)
FN:52,(anonymous_3)
FN:83,(anonymous_4)
FN:94,(anonymous_5)
FN:105,(anonymous_6)
FNF:7
FNH:7
FNDA:1,(anonymous_0)
FNDA:1,(anonymous_1)
FNDA:1,(anonymous_2)
FNDA:1,(anonymous_3)
FNDA:1,(anonymous_4)
FNDA:1,(anonymous_5)
FNDA:1,(anonymous_6)
DA:6,1
DA:13,1
DA:14,1
DA:15,1
DA:16,1
DA:17,1
DA:24,1
DA:26,1
DA:28,1
DA:29,1
DA:30,1
DA:38,1
DA:39,1
DA:40,1
DA:41,1
DA:53,1
DA:54,1
DA:75,1
DA:76,3
DA:77,3
DA:84,1
DA:89,1
DA:90,2
DA:95,1
DA:100,1
DA:101,2
DA:106,1
DA:107,1
LF:28
LH:28
BRDA:38,0,0,1
BRDA:38,0,1,0
BRF:2
BRH:1
end_of_record
TN:
SF:examples/access-control-migration/src/repositories/index.ts
FNF:0
FNH:0
DA:6,1
DA:7,1
DA:8,1
DA:9,1
LF:4
LH:4
BRF:0
BRH:0
end_of_record
TN:
SF:examples/access-control-migration/src/repositories/project.repository.ts
FN:23,(anonymous_0)
FNF:1
FNH:1
FNDA:17,(anonymous_0)
DA:6,1
DA:7,1
DA:12,1
DA:13,1
DA:16,1
DA:26,17
DA:28,17
DA:29,17
DA:30,17
LF:9
LH:9
BRF:0
BRH:0
end_of_record
TN:
SF:examples/access-control-migration/src/repositories/team.repository.ts
FN:16,(anonymous_0)
FNF:1
FNH:1
FNDA:1,(anonymous_0)
DA:6,1
DA:7,1
DA:8,1
DA:9,1
DA:11,1
DA:17,1
LF:6
LH:6
BRF:0
BRH:0
end_of_record
TN:
SF:examples/access-control-migration/src/repositories/user-credentials.repository.ts
FN:16,(anonymous_0)
FNF:1
FNH:1
FNDA:6,(anonymous_0)
DA:6,1
DA:7,1
DA:8,1
DA:9,1
DA:11,1
DA:17,6
LF:6
LH:6
BRF:0
BRH:0
end_of_record
TN:
SF:examples/access-control-migration/src/repositories/user.repository.ts
FN:33,(anonymous_0)
FN:56,(anonymous_1)
FNF:2
FNH:2
FNDA:4,(anonymous_0)
FNDA:3,(anonymous_1)
DA:6,1
DA:7,1
DA:13,1
DA:14,1
DA:18,1
DA:36,4
DA:38,4
DA:40,4
DA:41,4
DA:45,4
DA:46,4
DA:50,4
DA:59,3
DA:60,3
DA:62,0
DA:63,0
DA:65,0
LF:17
LH:14
BRDA:62,0,0,0
BRDA:62,0,1,0
BRF:2
BRH:0
end_of_record
TN:
SF:examples/binding-resolution/src/application.ts
FN:22,(anonymous_0)
FNF:1
FNH:1
FNDA:2,(anonymous_0)
DA:6,3
DA:7,3
DA:8,3
DA:9,3
DA:13,3
DA:14,3
DA:15,3
DA:16,3
DA:17,3
DA:21,3
DA:23,2
DA:26,2
DA:28,2
DA:30,2
DA:33,2
DA:36,2
DA:41,2
DA:44,2
DA:47,2
DA:49,2
DA:51,2
LF:21
LH:21
BRDA:22,0,0,0
BRF:1
BRH:0
end_of_record
TN:
SF:examples/binding-resolution/src/index.ts
FN:10,main
FN:40,(anonymous_1)
FNF:2
FNH:0
FNDA:0,main
FNDA:0,(anonymous_1)
DA:6,3
DA:8,3
DA:10,3
DA:11,0
DA:12,0
DA:13,0
DA:15,0
DA:16,0
DA:17,0
DA:19,0
DA:22,3
DA:24,0
DA:40,0
DA:41,0
DA:42,0
LF:15
LH:4
BRDA:10,0,0,0
BRDA:22,1,0,0
BRDA:22,1,1,3
BRDA:26,2,0,0
BRDA:26,2,1,0
BRDA:26,3,0,0
BRDA:26,3,1,0
BRF:7
BRH:1
end_of_record
TN:
SF:examples/binding-resolution/src/keys.ts
FNF:0
FNH:0
DA:6,3
DA:10,3
DA:12,3
DA:16,3
DA:18,3
LF:5
LH:5
BRF:0
BRH:0
end_of_record
TN:
SF:examples/binding-resolution/src/sequence.ts
FNF:0
FNH:0
DA:6,3
DA:8,3
LF:2
LH:2
BRF:0
BRH:0
end_of_record
TN:
SF:examples/binding-resolution/src/util.ts
FN:24,logContexts
FN:41,logContext
FN:60,logRequest
FN:69,log
FN:82,bindingScope
FN:96,(anonymous_5)
FN:101,count
FNF:7
FNH:7
FNDA:13,logContexts
FNDA:32,logContext
FNDA:3,logRequest
FNDA:4,log
FNDA:7,bindingScope
FNDA:30,(anonymous_5)
FNDA:6,count
DA:6,3
DA:8,3
DA:9,3
DA:11,3
DA:24,3
DA:29,13
DA:30,13
DA:31,13
DA:41,3
DA:47,32
DA:60,3
DA:61,3
DA:69,3
DA:70,4
DA:82,3
DA:86,7
DA:87,7
DA:96,30
DA:97,7
DA:98,7
DA:101,3
DA:102,6
DA:103,6
DA:104,18
DA:105,18
DA:106,18
LF:26
LH:26
BRDA:27,0,0,12
BRDA:45,1,0,5
BRDA:50,2,0,13
BRDA:50,2,1,19
BRDA:51,3,0,0
BRDA:51,3,1,32
BRDA:51,4,0,32
BRDA:51,4,1,32
BRDA:60,5,0,3
BRDA:84,6,0,5
BRDA:86,7,0,0
BRDA:86,7,1,7
BRDA:86,8,0,7
BRDA:86,8,1,7
BRDA:96,9,0,7
BRDA:96,9,1,0
BRDA:96,10,0,7
BRDA:96,10,1,7
BRF:18
BRH:15
end_of_record
TN:
SF:examples/binding-resolution/src/controllers/ping.controller.ts
FN:54,(anonymous_0)
FN:75,(anonymous_1)
FNF:2
FNH:2
FNDA:1,(anonymous_0)
FNDA:1,(anonymous_1)
DA:6,2
DA:13,2
DA:19,2
DA:20,2
DA:25,2
DA:53,2
DA:59,1
DA:64,1
DA:66,1
DA:75,2
DA:80,1
DA:81,1
DA:83,1
DA:89,1
DA:90,1
LF:15
LH:15
BRF:0
BRH:0
end_of_record
TN:
SF:examples/binding-resolution/src/interceptors/spy.interceptor.ts
FN:25,(anonymous_0)
FN:40,(anonymous_1)
FN:49,(anonymous_2)
FNF:3
FNH:3
FNDA:2,(anonymous_0)
FNDA:2,(anonymous_1)
FNDA:2,(anonymous_2)
DA:1,2
DA:12,2
DA:23,2
DA:29,2
DA:31,2
DA:41,2
DA:53,2
DA:54,2
DA:55,2
DA:57,2
DA:59,2
DA:61,0
DA:62,0
LF:13
LH:11
BRF:0
BRH:0
end_of_record
TN:
SF:examples/binding-resolution/src/middleware/spy.middleware.ts
FN:29,(anonymous_0)
FN:39,(anonymous_1)
FN:40,(anonymous_2)
FNF:3
FNH:3
FNDA:2,(anonymous_0)
FNDA:2,(anonymous_1)
FNDA:3,(anonymous_2)
DA:6,3
DA:7,3
DA:8,3
DA:9,3
DA:28,3
DA:34,2
DA:36,2
DA:40,2
DA:41,3
DA:42,3
DA:51,3
DA:53,3
DA:54,3
DA:55,3
DA:57,2
LF:15
LH:15
BRF:0
BRH:0
end_of_record
TN:
SF:examples/binding-resolution/src/services/counter.service.ts
FN:10,(anonymous_0)
FN:12,(anonymous_1)
FN:22,(anonymous_2)
FN:33,(anonymous_3)
FNF:4
FNH:4
FNDA:7,(anonymous_0)
FNDA:18,(anonymous_1)
FNDA:7,(anonymous_2)
FNDA:7,(anonymous_3)
DA:6,3
DA:7,3
DA:9,3
DA:10,7
DA:13,18
DA:20,3
DA:27,7
DA:29,7
DA:30,7
DA:34,7
LF:10
LH:10
BRF:0
BRH:0
end_of_record
TN:
SF:examples/binding-resolution/src/services/index.ts
FNF:0
FNH:0
DA:6,3
DA:7,3
LF:2
LH:2
BRF:0
BRH:0
end_of_record
TN:
SF:examples/binding-resolution/src/services/logger.service.ts
FN:34,(anonymous_0)
FN:44,(anonymous_1)
FN:45,(anonymous_2)
FN:62,(anonymous_3)
FN:77,(anonymous_4)
FN:78,(anonymous_5)
FNF:6
FNH:3
FNDA:0,(anonymous_0)
FNDA:0,(anonymous_1)
FNDA:0,(anonymous_2)
FNDA:1,(anonymous_3)
FNDA:1,(anonymous_4)
FNDA:4,(anonymous_5)
DA:6,3
DA:15,3
DA:16,3
DA:17,3
DA:18,3
DA:33,3
DA:39,0
DA:41,0
DA:45,0
DA:46,0
DA:48,0
DA:61,3
DA:67,1
DA:72,1
DA:74,1
DA:78,1
DA:79,4
DA:87,1
LF:18
LH:13
BRF:0
BRH:0
end_of_record
TN:
SF:examples/context/src/binding-types.ts
FN:21,(anonymous_0)
FN:28,(anonymous_1)
FN:38,(anonymous_2)
FN:54,(anonymous_3)
FN:57,(anonymous_4)
FN:69,main
FN:100,(anonymous_6)
FNF:7
FNH:6
FNDA:2,(anonymous_0)
FNDA:2,(anonymous_1)
FNDA:2,(anonymous_2)
FNDA:2,(anonymous_3)
FNDA:2,(anonymous_4)
FNDA:1,main
FNDA:0,(anonymous_6)
DA:6,1
DA:11,1
DA:16,1
DA:21,2
DA:26,1
DA:28,2
DA:32,1
DA:36,1
DA:39,2
DA:50,1
DA:51,1
DA:54,2
DA:58,2
DA:59,2
DA:60,1
DA:62,1
DA:64,2
DA:65,2
DA:69,1
DA:70,1
DA:73,1
DA:76,1
DA:79,1
DA:82,1
DA:87,1
DA:90,1
DA:92,1
DA:93,1
DA:95,1
DA:96,1
DA:99,1
DA:100,0
DA:101,0
DA:102,0
LF:34
LH:31
BRDA:59,0,0,1
BRDA:59,0,1,1
BRDA:99,1,0,0
BRDA:99,1,1,1
BRF:4
BRH:3
end_of_record
TN:
SF:examples/context/src/configuration-injection.ts
FN:20,(anonymous_0)
FN:27,(anonymous_1)
FN:36,main
FN:50,(anonymous_3)
FNF:4
FNH:3
FNDA:1,(anonymous_0)
FNDA:1,(anonymous_1)
FNDA:1,main
FNDA:0,(anonymous_3)
DA:6,1
DA:19,1
DA:24,1
DA:28,1
DA:29,1
DA:32,1
DA:36,1
DA:37,1
DA:40,1
DA:43,1
DA:45,1
DA:46,1
DA:49,1
DA:50,0
DA:51,0
DA:52,0
LF:16
LH:13
BRDA:24,0,0,0
BRDA:28,1,0,1
BRDA:28,1,1,0
BRDA:30,2,0,1
BRDA:30,2,1,0
BRDA:49,3,0,0
BRDA:49,3,1,1
BRF:7
BRH:3
end_of_record
TN:
SF:examples/context/src/context-chain.ts
FN:9,(anonymous_0)
FN:10,(anonymous_1)
FN:15,main
FN:48,(anonymous_3)
FNF:4
FNH:3
FNDA:3,(anonymous_0)
FNDA:3,(anonymous_1)
FNDA:1,main
FNDA:0,(anonymous_3)
DA:6,1
DA:8,1
DA:9,3
DA:11,3
DA:15,1
DA:16,1
DA:19,1
DA:21,1
DA:27,1
DA:30,1
DA:33,1
DA:36,1
DA:37,1
DA:39,1
DA:42,1
DA:44,1
DA:47,1
DA:48,0
DA:49,0
DA:50,0
LF:20
LH:17
BRDA:47,0,0,0
BRDA:47,0,1,1
BRF:2
BRH:1
end_of_record
TN:
SF:examples/context/src/context-observation.ts
FN:16,(anonymous_0)
FN:18,(anonymous_1)
FN:23,(anonymous_2)
FN:25,(anonymous_3)
FN:37,(anonymous_4)
FN:42,main
FN:49,(anonymous_6)
FN:56,(anonymous_7)
FN:59,(anonymous_8)
FN:89,(anonymous_9)
FNF:10
FNH:5
FNDA:0,(anonymous_0)
FNDA:0,(anonymous_1)
FNDA:0,(anonymous_2)
FNDA:0,(anonymous_3)
FNDA:1,(anonymous_4)
FNDA:1,main
FNDA:3,(anonymous_6)
FNDA:4,(anonymous_7)
FNDA:6,(anonymous_8)
FNDA:0,(anonymous_9)
DA:6,1
DA:7,1
DA:9,1
DA:17,0
DA:19,0
DA:24,0
DA:26,0
DA:38,1
DA:42,1
DA:43,1
DA:44,1
DA:47,1
DA:50,3
DA:55,1
DA:56,1
DA:57,4
DA:59,6
DA:64,1
DA:65,1
DA:68,1
DA:69,1
DA:70,1
DA:73,1
DA:74,1
DA:75,1
DA:78,1
DA:79,1
DA:80,1
DA:85,1
DA:88,1
DA:89,0
DA:90,0
DA:91,0
LF:33
LH:26
BRDA:88,0,0,0
BRDA:88,0,1,1
BRF:2
BRH:1
end_of_record
TN:
SF:examples/context/src/custom-configuration-resolver.ts
FN:24,(anonymous_0)
FN:32,(anonymous_1)
FN:55,(anonymous_2)
FN:66,main
FN:83,(anonymous_4)
FNF:5
FNH:4
FNDA:1,(anonymous_0)
FNDA:2,(anonymous_1)
FNDA:2,(anonymous_2)
FNDA:1,main
FNDA:0,(anonymous_4)
DA:6,1
DA:20,1
DA:24,1
DA:25,1
DA:35,2
DA:36,224
DA:37,0
DA:38,0
DA:39,0
DA:42,2
DA:43,0
DA:48,0
DA:49,0
DA:51,0
DA:60,2
DA:61,2
DA:62,2
DA:66,1
DA:67,1
DA:68,1
DA:72,1
DA:74,1
DA:75,1
DA:77,1
DA:78,1
DA:79,1
DA:82,1
DA:83,0
DA:84,0
DA:85,0
LF:30
LH:20
BRDA:36,0,0,0
BRDA:36,0,1,224
BRDA:42,1,0,2
BRDA:42,1,1,0
BRDA:61,2,0,0
BRDA:61,2,1,2
BRDA:82,3,0,0
BRDA:82,3,1,1
BRF:8
BRH:4
end_of_record
TN:
SF:examples/context/src/custom-inject-decorator.ts
FN:13,whoAmI
FN:21,(anonymous_1)
FN:23,(anonymous_2)
FN:28,main
FN:37,(anonymous_4)
FNF:5
FNH:4
FNDA:1,whoAmI
FNDA:1,(anonymous_1)
FNDA:1,(anonymous_2)
FNDA:1,main
FNDA:0,(anonymous_4)
DA:6,1
DA:8,1
DA:14,1
DA:20,1
DA:21,1
DA:24,1
DA:28,1
DA:29,1
DA:30,1
DA:31,1
DA:32,1
DA:33,1
DA:36,1
DA:37,0
DA:38,0
DA:39,0
LF:16
LH:13
BRDA:36,0,0,0
BRDA:36,0,1,1
BRF:2
BRH:1
end_of_record
TN:
SF:examples/context/src/custom-inject-resolve.ts
FN:21,(anonymous_0)
FN:36,(anonymous_1)
FN:41,(anonymous_2)
FN:48,main
FN:56,(anonymous_4)
FNF:5
FNH:4
FNDA:2,(anonymous_0)
FNDA:1,(anonymous_1)
FNDA:1,(anonymous_2)
FNDA:1,main
FNDA:0,(anonymous_4)
DA:6,1
DA:21,1
DA:26,2
DA:27,2
DA:28,2
DA:29,2
DA:35,1
DA:36,1
DA:39,1
DA:42,1
DA:46,1
DA:48,1
DA:49,1
DA:50,1
DA:51,1
DA:52,1
DA:55,1
DA:56,0
DA:57,0
DA:58,0
LF:20
LH:17
BRDA:29,0,0,1
BRDA:29,0,1,1
BRDA:55,1,0,0
BRDA:55,1,1,1
BRF:4
BRH:3
end_of_record
TN:
SF:examples/context/src/dependency-injection.ts
FN:31,(anonymous_0)
FN:38,(anonymous_1)
FN:40,(anonymous_2)
FN:45,(anonymous_3)
FN:47,(anonymous_4)
FN:57,(anonymous_5)
FN:67,(anonymous_6)
FN:90,main
FN:136,(anonymous_8)
FNF:9
FNH:8
FNDA:4,(anonymous_0)
FNDA:1,(anonymous_1)
FNDA:1,(anonymous_2)
FNDA:2,(anonymous_3)
FNDA:2,(anonymous_4)
FNDA:1,(anonymous_5)
FNDA:4,(anonymous_6)
FNDA:1,main
FNDA:0,(anonymous_8)
DA:6,1
DA:19,1
DA:24,1
DA:31,4
DA:39,1
DA:41,1
DA:46,2
DA:48,2
DA:55,1
DA:60,1
DA:65,1
DA:67,1
DA:77,4
DA:79,4
DA:80,4
DA:81,5
DA:82,3
DA:83,3
DA:86,1
DA:90,1
DA:91,1
DA:94,1
DA:97,1
DA:100,1
DA:103,1
DA:106,1
DA:109,1
DA:112,1
DA:113,1
DA:116,1
DA:117,1
DA:120,1
DA:122,1
DA:123,1
DA:126,1
DA:129,1
DA:131,1
DA:132,1
DA:135,1
DA:136,0
DA:137,0
DA:138,0
LF:42
LH:39
BRDA:81,0,0,3
BRDA:81,0,1,2
BRDA:135,1,0,0
BRDA:135,1,1,1
BRF:4
BRH:3
end_of_record
TN:
SF:examples/context/src/find-bindings.ts
FN:20,(anonymous_0)
FN:24,(anonymous_1)
FN:27,(anonymous_2)
FN:29,(anonymous_3)
FN:35,(anonymous_4)
FN:37,(anonymous_5)
FN:42,main
FN:55,(anonymous_7)
FN:58,(anonymous_8)
FN:61,(anonymous_9)
FN:64,(anonymous_10)
FN:67,(anonymous_11)
FN:69,(anonymous_12)
FN:72,(anonymous_13)
FN:76,(anonymous_14)
FNF:15
FNH:10
FNDA:2,(anonymous_0)
FNDA:4,(anonymous_1)
FNDA:0,(anonymous_2)
FNDA:0,(anonymous_3)
FNDA:0,(anonymous_4)
FNDA:0,(anonymous_5)
FNDA:1,main
FNDA:1,(anonymous_7)
FNDA:1,(anonymous_8)
FNDA:2,(anonymous_9)
FNDA:2,(anonymous_10)
FNDA:2,(anonymous_11)
FNDA:1,(anonymous_12)
FNDA:2,(anonymous_13)
FNDA:0,(anonymous_14)
DA:6,1
DA:20,1
DA:21,2
DA:24,1
DA:25,4
DA:28,0
DA:30,0
DA:35,1
DA:36,0
DA:38,0
DA:42,1
DA:43,1
DA:46,1
DA:49,1
DA:51,1
DA:52,1
DA:54,1
DA:55,1
DA:57,1
DA:58,1
DA:60,1
DA:61,2
DA:63,1
DA:64,2
DA:66,1
DA:67,2
DA:69,1
DA:70,1
DA:72,2
DA:75,1
DA:76,0
DA:77,0
DA:78,0
LF:33
LH:26
BRDA:75,0,0,0
BRDA:75,0,1,1
BRF:2
BRH:1
end_of_record
TN:
SF:examples/context/src/index.ts
FN:10,main
FN:14,(anonymous_1)
FN:30,(anonymous_2)
FN:37,(anonymous_3)
FNF:4
FNH:2
FNDA:1,main
FNDA:46,(anonymous_1)
FNDA:0,(anonymous_2)
FNDA:0,(anonymous_3)
DA:6,1
DA:7,1
DA:8,1
DA:10,1
DA:11,1
DA:14,46
DA:15,1
DA:16,14
DA:17,14
DA:18,14
DA:19,14
DA:21,0
DA:23,14
DA:27,1
DA:28,0
DA:30,0
DA:31,0
DA:32,0
DA:36,1
DA:37,0
DA:38,0
DA:39,0
LF:22
LH:14
BRDA:14,0,0,46
BRDA:14,0,1,15
BRDA:27,1,0,0
BRDA:27,1,1,1
BRDA:36,2,0,0
BRDA:36,2,1,1
BRF:6
BRH:4
end_of_record
TN:
SF:examples/context/src/injection-without-binding.ts
FN:17,(anonymous_0)
FN:19,(anonymous_1)
FN:28,sayHello
FN:33,main
FN:40,(anonymous_4)
FNF:5
FNH:4
FNDA:1,(anonymous_0)
FNDA:1,(anonymous_1)
FNDA:1,sayHello
FNDA:1,main
FNDA:0,(anonymous_4)
DA:6,1
DA:11,1
DA:16,1
DA:17,1
DA:20,1
DA:29,1
DA:30,1
DA:33,1
DA:34,1
DA:35,1
DA:36,1
DA:39,1
DA:40,0
DA:41,0
DA:42,0
LF:15
LH:12
BRDA:39,0,0,0
BRDA:39,0,1,1
BRF:2
BRH:1
end_of_record
TN:
SF:examples/context/src/interceptor-proxy.ts
FN:38,(anonymous_0)
FN:42,(anonymous_1)
FN:46,(anonymous_2)
FN:73,(anonymous_3)
FN:82,(anonymous_4)
FN:88,main
FN:99,(anonymous_6)
FN:110,(anonymous_7)
FNF:8
FNH:7
FNDA:2,(anonymous_0)
FNDA:2,(anonymous_1)
FNDA:2,(anonymous_2)
FNDA:1,(anonymous_3)
FNDA:1,(anonymous_4)
FNDA:1,main
FNDA:1,(anonymous_6)
FNDA:0,(anonymous_7)
DA:6,1
DA:23,1
DA:24,1
DA:25,1
DA:29,1
DA:33,1
DA:34,1
DA:37,1
DA:39,2
DA:43,2
DA:50,2
DA:51,2
DA:52,2
DA:53,1
DA:55,1
DA:56,1
DA:62,1
DA:68,2
DA:74,1
DA:80,1
DA:83,1
DA:84,1
DA:88,1
DA:89,1
DA:91,1
DA:93,1
DA:96,1
DA:98,1
DA:99,1
DA:100,1
DA:101,1
DA:102,1
DA:103,1
DA:105,1
DA:106,1
DA:109,1
DA:110,0
DA:111,0
DA:112,0
LF:39
LH:36
BRDA:52,0,0,1
BRDA:52,0,1,1
BRDA:109,1,0,0
BRDA:109,1,1,1
BRF:4
BRH:3
end_of_record
TN:
SF:examples/context/src/parameterized-decoration.ts
FN:28,createClassWithDecoration
FN:34,(anonymous_1)
FN:36,(anonymous_2)
FN:43,main
FN:67,(anonymous_4)
FNF:5
FNH:4
FNDA:2,createClassWithDecoration
FNDA:2,(anonymous_1)
FNDA:2,(anonymous_2)
FNDA:1,main
FNDA:0,(anonymous_4)
DA:6,1
DA:33,2
DA:34,2
DA:37,2
DA:40,2
DA:43,1
DA:44,1
DA:46,1
DA:47,1
DA:49,1
DA:50,1
DA:51,1
DA:52,1
DA:54,1
DA:55,1
DA:56,1
DA:57,1
DA:59,1
DA:60,1
DA:62,1
DA:63,1
DA:66,1
DA:67,0
DA:68,0
DA:69,0
LF:25
LH:22
BRDA:66,0,0,0
BRDA:66,0,1,1
BRF:2
BRH:1
end_of_record
TN:
SF:examples/context/src/sync-async.ts
FN:19,(anonymous_0)
FN:21,(anonymous_1)
FN:31,greetWithSyncUser
FN:49,greetWithAsyncUser
FN:53,(anonymous_4)
FN:67,main
FN:80,(anonymous_6)
FNF:7
FNH:6
FNDA:4,(anonymous_0)
FNDA:3,(anonymous_1)
FNDA:1,greetWithSyncUser
FNDA:1,greetWithAsyncUser
FNDA:2,(anonymous_4)
FNDA:1,main
FNDA:0,(anonymous_6)
DA:6,1
DA:8,1
DA:13,1
DA:19,4
DA:22,3
DA:29,1
DA:34,1
DA:40,1
DA:41,1
DA:44,1
DA:45,1
DA:46,1
DA:53,2
DA:55,1
DA:56,1
DA:57,1
DA:59,1
DA:60,0
DA:63,1
DA:67,1
DA:68,1
DA:70,1
DA:73,1
DA:76,1
DA:79,1
DA:80,0
DA:81,0
DA:82,0
LF:28
LH:24
BRDA:79,0,0,0
BRDA:79,0,1,1
BRF:2
BRH:1
end_of_record
TN:
SF:examples/context/src/value-promise.ts
FN:30,(anonymous_0)
FN:32,(anonymous_1)
FN:37,(anonymous_2)
FN:39,(anonymous_3)
FN:44,(anonymous_4)
FN:50,(anonymous_5)
FN:51,(anonymous_6)
FN:52,(anonymous_7)
FN:59,main
FN:88,greetFromAll
FN:93,(anonymous_10)
FN:108,(anonymous_11)
FN:110,(anonymous_12)
FN:119,(anonymous_13)
FNF:14
FNH:13
FNDA:1,(anonymous_0)
FNDA:2,(anonymous_1)
FNDA:2,(anonymous_2)
FNDA:4,(anonymous_3)
FNDA:1,(anonymous_4)
FNDA:2,(anonymous_5)
FNDA:2,(anonymous_6)
FNDA:2,(anonymous_7)
FNDA:1,main
FNDA:2,greetFromAll
FNDA:4,(anonymous_10)
FNDA:4,(anonymous_11)
FNDA:4,(anonymous_12)
FNDA:0,(anonymous_13)
DA:6,1
DA:31,1
DA:33,2
DA:38,2
DA:40,4
DA:45,1
DA:51,2
DA:52,2
DA:53,2
DA:59,1
DA:60,1
DA:63,1
DA:66,1
DA:69,1
DA:72,1
DA:75,1
DA:81,1
DA:90,2
DA:93,2
DA:94,4
DA:98,2
DA:99,1
DA:101,1
DA:107,2
DA:108,4
DA:110,2
DA:111,4
DA:115,2
DA:118,1
DA:119,0
DA:120,0
DA:121,0
LF:32
LH:29
BRDA:98,0,0,1
BRDA:98,0,1,1
BRDA:118,1,0,0
BRDA:118,1,1,1
BRF:4
BRH:3
end_of_record
TN:
SF:examples/express-composition/src/application.ts
FN:20,(anonymous_0)
FNF:1
FNH:1
FNDA:3,(anonymous_0)
DA:6,4
DA:8,4
DA:9,4
DA:10,4
DA:11,4
DA:12,4
DA:13,4
DA:17,4
DA:21,3
DA:24,3
DA:27,3
DA:29,3
DA:31,3
DA:33,3
LF:14
LH:14
BRDA:20,0,0,0
BRF:1
BRH:0
end_of_record
TN:
SF:examples/express-composition/src/sequence.ts
FNF:0
FNH:0
DA:6,4
DA:8,4
LF:2
LH:2
BRF:0
BRH:0
end_of_record
TN:
SF:examples/express-composition/src/server.ts
FN:19,(anonymous_0)
FN:27,(anonymous_1)
FN:30,(anonymous_2)
FN:38,(anonymous_3)
FN:42,(anonymous_4)
FN:51,(anonymous_5)
FNF:6
FNH:6
FNDA:3,(anonymous_0)
FNDA:1,(anonymous_1)
FNDA:1,(anonymous_2)
FNDA:3,(anonymous_3)
FNDA:3,(anonymous_4)
FNDA:3,(anonymous_5)
DA:6,4
DA:7,4
DA:9,4
DA:10,4
DA:14,4
DA:20,3
DA:21,3
DA:24,3
DA:27,3
DA:28,1
DA:30,3
DA:31,1
DA:35,3
DA:39,3
DA:43,3
DA:44,3
DA:45,3
DA:46,3
DA:47,3
DA:52,3
DA:53,3
DA:54,3
DA:55,3
DA:56,3
LF:24
LH:24
BRDA:19,0,0,0
BRDA:44,1,0,3
BRDA:44,1,1,0
BRDA:44,2,0,3
BRDA:44,2,1,3
BRDA:45,3,0,3
BRDA:45,3,1,0
BRDA:45,4,0,3
BRDA:45,4,1,3
BRDA:52,5,0,0
BRDA:52,5,1,3
BRF:11
BRH:7
end_of_record
TN:
SF:examples/express-composition/src/controllers/note.controller.ts
FN:27,(anonymous_0)
FN:40,(anonymous_1)
FN:61,(anonymous_2)
FN:77,(anonymous_3)
FN:92,(anonymous_4)
FN:114,(anonymous_5)
FN:125,(anonymous_6)
FN:146,(anonymous_7)
FN:160,(anonymous_8)
FNF:9
FNH:3
FNDA:4,(anonymous_0)
FNDA:2,(anonymous_1)
FNDA:0,(anonymous_2)
FNDA:2,(anonymous_3)
FNDA:0,(anonymous_4)
FNDA:0,(anonymous_5)
FNDA:0,(anonymous_6)
FNDA:0,(anonymous_7)
FNDA:0,(anonymous_8)
DA:6,3
DA:13,3
DA:23,3
DA:24,3
DA:26,3
DA:29,4
DA:40,3
DA:50,2
DA:61,3
DA:62,0
DA:77,3
DA:81,2
DA:92,3
DA:103,0
DA:114,3
DA:115,0
DA:125,3
DA:136,0
DA:146,3
DA:150,0
DA:160,3
DA:161,0
LF:22
LH:16
BRF:0
BRH:0
end_of_record
TN:
SF:examples/express-composition/src/controllers/ping.controller.ts
FN:40,(anonymous_0)
FN:48,(anonymous_1)
FNF:2
FNH:2
FNDA:1,(anonymous_0)
FNDA:1,(anonymous_1)
DA:6,3
DA:7,3
DA:12,3
DA:39,3
DA:40,1
DA:48,3
DA:50,1
LF:7
LH:7
BRF:0
BRH:0
end_of_record
TN:
SF:examples/express-composition/src/datasources/ds.datasource.ts
FN:20,(anonymous_0)
FNF:1
FNH:1
FNDA:1,(anonymous_0)
DA:6,3
DA:7,3
DA:9,3
DA:16,3
DA:17,3
DA:18,3
DA:24,1
LF:7
LH:7
BRDA:22,0,0,0
BRF:1
BRH:0
end_of_record
TN:
SF:examples/express-composition/src/datasources/index.ts
FNF:0
FNH:0
DA:6,3
LF:1
LH:1
BRF:0
BRH:0
end_of_record
TN:
SF:examples/express-composition/src/models/index.ts
FNF:0
FNH:0
DA:6,3
LF:1
LH:1
BRF:0
BRH:0
end_of_record
TN:
SF:examples/express-composition/src/models/note.model.ts
FN:27,(anonymous_0)
FNF:1
FNH:1
FNDA:8,(anonymous_0)
DA:6,4
DA:9,4
DA:14,4
DA:20,4
DA:25,4
DA:28,8
LF:6
LH:6
BRF:0
BRH:0
end_of_record
TN:
SF:examples/express-composition/src/observers/hello.observer.ts
FN:16,(anonymous_0)
FN:27,(anonymous_1)
FN:34,(anonymous_2)
FNF:3
FNH:3
FNDA:3,(anonymous_0)
FNDA:3,(anonymous_1)
FNDA:3,(anonymous_2)
DA:6,3
DA:16,3
DA:17,3
DA:28,3
DA:35,3
LF:5
LH:5
BRF:0
BRH:0
end_of_record
TN:
SF:examples/express-composition/src/repositories/index.ts
FNF:0
FNH:0
DA:6,3
LF:1
LH:1
BRF:0
BRH:0
end_of_record
TN:
SF:examples/express-composition/src/repositories/note.repository.ts
FN:16,(anonymous_0)
FNF:1
FNH:1
FNDA:5,(anonymous_0)
DA:6,3
DA:7,3
DA:8,3
DA:9,3
DA:11,3
DA:17,5
LF:6
LH:6
BRF:0
BRH:0
end_of_record
TN:
SF:examples/file-transfer/src/application.ts
FN:21,(anonymous_0)
FN:54,(anonymous_1)
FN:62,(anonymous_2)
FNF:3
FNH:3
FNDA:2,(anonymous_0)
FNDA:2,(anonymous_1)
FNDA:2,(anonymous_2)
DA:6,3
DA:8,3
DA:9,3
DA:13,3
DA:14,3
DA:15,3
DA:16,3
DA:20,3
DA:22,2
DA:25,2
DA:28,2
DA:31,2
DA:34,2
DA:37,2
DA:39,2
DA:41,2
DA:56,2
DA:57,2
DA:58,2
DA:63,2
DA:68,2
LF:21
LH:21
BRDA:21,0,0,0
BRDA:56,1,0,2
BRDA:56,1,1,0
BRDA:56,2,0,2
BRDA:56,2,1,2
BRF:5
BRH:3
end_of_record
TN:
SF:examples/file-transfer/src/keys.ts
FNF:0
FNH:0
DA:6,3
DA:12,3
DA:19,3
LF:3
LH:3
BRF:0
BRH:0
end_of_record
TN:
SF:examples/file-transfer/src/sequence.ts
FNF:0
FNH:0
DA:6,3
DA:8,3
LF:2
LH:2
BRF:0
BRH:0
end_of_record
TN:
SF:examples/file-transfer/src/controllers/file-download.controller.ts
FN:26,(anonymous_0)
FN:45,(anonymous_1)
FN:52,(anonymous_2)
FN:65,(anonymous_3)
FNF:4
FNH:4
FNDA:6,(anonymous_0)
FNDA:2,(anonymous_1)
FNDA:4,(anonymous_2)
FNDA:4,(anonymous_3)
DA:6,2
DA:7,2
DA:15,2
DA:16,2
DA:17,2
DA:18,2
DA:20,2
DA:25,2
DA:26,6
DA:45,2
DA:46,2
DA:47,2
DA:52,2
DA:56,4
DA:57,2
DA:58,2
DA:66,4
DA:67,4
DA:69,2
LF:19
LH:19
BRDA:67,0,0,2
BRDA:67,0,1,2
BRF:2
BRH:2
end_of_record
TN:
SF:examples/file-transfer/src/controllers/file-upload.controller.ts
FN:25,(anonymous_0)
FN:42,(anonymous_1)
FN:47,(anonymous_2)
FN:48,(anonymous_3)
FN:61,(anonymous_4)
FN:63,(anonymous_5)
FNF:6
FNH:6
FNDA:1,(anonymous_0)
FNDA:1,(anonymous_1)
FNDA:1,(anonymous_2)
FNDA:1,(anonymous_3)
FNDA:1,(anonymous_4)
FNDA:2,(anonymous_5)
DA:6,2
DA:7,2
DA:14,2
DA:20,2
DA:26,1
DA:42,2
DA:47,1
DA:48,1
DA:49,1
DA:51,1
DA:62,1
DA:63,2
DA:70,1
DA:71,1
DA:72,1
DA:74,0
DA:75,0
DA:78,1
LF:18
LH:16
BRDA:49,0,0,0
BRDA:49,0,1,1
BRDA:71,1,0,1
BRDA:71,1,1,0
BRF:4
BRH:2
end_of_record
TN:
SF:examples/file-transfer/src/services/file-upload.service.ts
FN:25,(anonymous_0)
FN:32,(anonymous_1)
FNF:2
FNH:2
FNDA:1,(anonymous_0)
FNDA:1,(anonymous_1)
DA:6,2
DA:13,2
DA:14,2
DA:24,2
DA:25,1
DA:26,1
DA:28,0
DA:33,1
LF:8
LH:7
BRDA:25,0,0,0
BRDA:26,1,0,0
BRDA:26,1,1,1
BRF:3
BRH:1
end_of_record
TN:
SF:examples/graphql/src/application.ts
FN:19,(anonymous_0)
FN:27,(anonymous_1)
FNF:2
FNH:2
FNDA:1,(anonymous_0)
FNDA:3,(anonymous_1)
DA:6,1
DA:8,1
DA:9,1
DA:10,1
DA:11,1
DA:12,1
DA:16,1
DA:20,1
DA:22,1
DA:23,1
DA:24,1
DA:27,1
DA:28,3
DA:31,1
DA:34,1
DA:36,1
DA:38,1
LF:17
LH:17
BRDA:19,0,0,0
BRF:1
BRH:0
end_of_record
TN:
SF:examples/graphql/src/index.ts
FN:10,main
FN:47,(anonymous_1)
FNF:2
FNH:0
FNDA:0,main
FNDA:0,(anonymous_1)
DA:6,1
DA:8,1
DA:10,1
DA:11,0
DA:12,0
DA:13,0
DA:15,0
DA:16,0
DA:17,0
DA:19,0
DA:22,1
DA:23,0
DA:30,0
DA:47,0
DA:48,0
DA:49,0
LF:16
LH:4
BRDA:10,0,0,0
BRDA:22,1,0,0
BRDA:22,1,1,1
BRDA:32,2,0,0
BRDA:32,2,1,0
BRDA:32,3,0,0
BRDA:32,3,1,0
BRF:7
BRH:1
end_of_record
TN:
SF:examples/graphql/src/sample-recipes.ts
FN:35,createRecipe
FNF:1
FNH:1
FNDA:12,createRecipe
DA:6,4
DA:7,4
DA:9,4
DA:36,12
LF:4
LH:4
BRF:0
BRH:0
end_of_record
TN:
SF:examples/graphql/src/datasources/index.ts
FNF:0
FNH:0
DA:6,4
LF:1
LH:1
BRF:0
BRH:0
end_of_record
TN:
SF:examples/graphql/src/datasources/recipes.datasource.ts
FN:38,(anonymous_0)
FNF:1
FNH:1
FNDA:8,(anonymous_0)
DA:6,4
DA:12,4
DA:14,4
DA:31,4
DA:35,4
DA:36,4
DA:42,8
LF:7
LH:7
BRDA:40,0,0,8
BRF:1
BRH:1
end_of_record
TN:
SF:examples/graphql/src/graphql-resolvers/recipe-resolver.ts
FN:31,(anonymous_0)
FN:42,(anonymous_1)
FN:47,(anonymous_2)
FN:52,(anonymous_3)
FN:62,(anonymous_4)
FN:67,(anonymous_5)
FN:73,(anonymous_6)
FN:40,(anonymous_7)
FN:46,(anonymous_8)
FN:51,(anonymous_9)
FN:61,(anonymous_10)
FN:75,(anonymous_11)
FN:29,(anonymous_12)
FNF:13
FNH:12
FNDA:42,(anonymous_0)
FNDA:7,(anonymous_1)
FNDA:3,(anonymous_2)
FNDA:3,(anonymous_3)
FNDA:0,(anonymous_4)
FNDA:22,(anonymous_5)
FNDA:7,(anonymous_6)
FNDA:7,(anonymous_7)
FNDA:7,(anonymous_8)
FNDA:7,(anonymous_9)
FNDA:7,(anonymous_10)
FNDA:21,(anonymous_11)
FNDA:119,(anonymous_12)
DA:6,4
DA:7,4
DA:23,4
DA:24,4
DA:25,4
DA:26,4
DA:27,4
DA:29,119
DA:30,4
DA:34,42
DA:35,42
DA:37,42
DA:40,7
DA:42,4
DA:43,7
DA:46,7
DA:47,4
DA:48,3
DA:51,7
DA:52,4
DA:56,3
DA:57,3
DA:58,3
DA:61,7
DA:62,4
DA:63,0
DA:67,4
DA:68,22
DA:69,22
DA:73,4
DA:75,21
DA:78,7
LF:32
LH:31
BRF:0
BRH:0
end_of_record
TN:
SF:examples/graphql/src/graphql-types/recipe-input.ts
FN:17,(anonymous_0)
FNF:1
FNH:1
FNDA:10,(anonymous_0)
DA:6,4
DA:10,4
DA:12,4
DA:15,4
DA:17,10
DA:18,4
LF:6
LH:6
BRF:0
BRH:0
end_of_record
TN:
SF:examples/graphql/src/graphql-types/recipe-type.ts
FN:24,(anonymous_0)
FN:52,(anonymous_1)
FN:57,(anonymous_2)
FN:62,(anonymous_3)
FN:12,(anonymous_4)
FN:20,(anonymous_5)
FN:35,(anonymous_6)
FN:42,(anonymous_7)
FN:45,(anonymous_8)
FN:48,(anonymous_9)
FN:51,(anonymous_10)
FN:56,(anonymous_11)
FNF:12
FNH:11
FNDA:0,(anonymous_0)
FNDA:12,(anonymous_1)
FNDA:19,(anonymous_2)
FNDA:54,(anonymous_3)
FNDA:7,(anonymous_4)
FNDA:7,(anonymous_5)
FNDA:7,(anonymous_6)
FNDA:7,(anonymous_7)
FNDA:7,(anonymous_8)
FNDA:7,(anonymous_9)
FNDA:7,(anonymous_10)
FNDA:7,(anonymous_11)
DA:6,4
DA:7,4
DA:11,4
DA:12,7
DA:14,4
DA:18,4
DA:20,7
DA:24,4
DA:25,0
DA:33,4
DA:35,7
DA:36,4
DA:40,4
DA:42,7
DA:43,4
DA:45,7
DA:46,4
DA:48,7
DA:49,4
DA:51,7
DA:52,4
DA:53,12
DA:56,7
DA:57,4
DA:58,19
DA:59,19
DA:60,0
DA:62,54
DA:63,19
LF:29
LH:27
BRDA:59,0,0,0
BRDA:59,0,1,19
BRF:2
BRH:1
end_of_record
TN:
SF:examples/graphql/src/repositories/index.ts
FNF:0
FNH:0
DA:6,4
LF:1
LH:1
BRF:0
BRH:0
end_of_record
TN:
SF:examples/graphql/src/repositories/recipe.repository.ts
FN:34,(anonymous_0)
FN:38,(anonymous_1)
FN:44,(anonymous_2)
FN:49,(anonymous_3)
FN:53,(anonymous_4)
FN:57,(anonymous_5)
FN:62,(anonymous_6)
FN:64,(anonymous_7)
FN:67,(anonymous_8)
FN:75,(anonymous_9)
FNF:10
FNH:10
FNDA:7,(anonymous_0)
FNDA:7,(anonymous_1)
FNDA:7,(anonymous_2)
FNDA:3,(anonymous_3)
FNDA:7,(anonymous_4)
FNDA:3,(anonymous_5)
FNDA:22,(anonymous_6)
FNDA:49,(anonymous_7)
FNDA:3,(anonymous_8)
FNDA:3,(anonymous_9)
DA:6,4
DA:14,4
DA:15,4
DA:16,4
DA:18,4
DA:25,4
DA:29,4
DA:32,4
DA:35,7
DA:39,7
DA:41,7
DA:46,7
DA:50,3
DA:54,7
DA:58,3
DA:59,3
DA:63,22
DA:64,49
DA:68,3
DA:69,3
DA:70,3
DA:71,3
DA:72,3
DA:76,3
LF:24
LH:24
BRF:0
BRH:0
end_of_record
TN:
SF:examples/graphql/src/services/recipe.service.ts
FN:11,(anonymous_0)
FN:12,(anonymous_1)
FNF:2
FNH:2
FNDA:7,(anonymous_0)
FNDA:21,(anonymous_1)
DA:6,4
DA:10,4
DA:12,21
LF:3
LH:3
BRF:0
BRH:0
end_of_record
TN:
SF:examples/greeter-extension/src/application.ts
FN:11,(anonymous_0)
FN:16,(anonymous_1)
FN:24,(anonymous_2)
FNF:3
FNH:2
FNDA:4,(anonymous_0)
FNDA:0,(anonymous_1)
FNDA:4,(anonymous_2)
DA:6,2
DA:7,2
DA:8,2
DA:10,2
DA:12,4
DA:13,4
DA:17,0
DA:18,0
DA:19,0
DA:20,0
DA:21,0
DA:25,4
LF:12
LH:7
BRF:0
BRH:0
end_of_record
TN:
SF:examples/greeter-extension/src/component.ts
FN:16,(anonymous_0)
FNF:1
FNH:1
FNDA:5,(anonymous_0)
DA:6,2
DA:7,2
DA:8,2
DA:9,2
DA:10,2
DA:16,2
DA:17,5
LF:7
LH:7
BRF:0
BRH:0
end_of_record
TN:
SF:examples/greeter-extension/src/greeting-service.ts
FN:22,(anonymous_0)
FN:41,(anonymous_1)
FN:45,(anonymous_2)
FN:53,(anonymous_3)
FNF:4
FNH:4
FNDA:10,(anonymous_0)
FNDA:10,(anonymous_1)
FNDA:16,(anonymous_2)
FNDA:10,(anonymous_3)
DA:6,2
DA:7,2
DA:8,2
DA:21,2
DA:28,10
DA:34,10
DA:43,10
DA:45,16
DA:54,10
DA:56,10
DA:57,10
DA:58,9
DA:61,1
DA:63,10
DA:64,1
DA:66,10
LF:16
LH:16
BRDA:57,0,0,9
BRDA:57,0,1,1
BRDA:63,1,0,1
BRDA:63,1,1,9
BRDA:63,2,0,9
BRDA:63,2,1,1
BRDA:63,3,0,10
BRDA:63,3,1,10
BRF:8
BRH:8
end_of_record
TN:
SF:examples/greeter-extension/src/index.ts
FN:15,(anonymous_0)
FNF:1
FNH:0
FNDA:0,(anonymous_0)
DA:6,2
DA:7,2
DA:8,2
DA:9,2
DA:10,2
DA:12,2
DA:13,2
DA:14,0
DA:15,0
DA:16,0
DA:17,0
LF:11
LH:7
BRDA:13,0,0,0
BRDA:13,0,1,2
BRF:2
BRH:1
end_of_record
TN:
SF:examples/greeter-extension/src/keys.ts
FNF:0
FNH:0
DA:6,2
DA:12,2
LF:2
LH:2
BRF:0
BRH:0
end_of_record
TN:
SF:examples/greeter-extension/src/types.ts
FN:25,(anonymous_0)
FNF:1
FNH:1
FNDA:22,(anonymous_0)
DA:6,2
DA:20,2
DA:25,2
DA:26,22
DA:27,22
LF:5
LH:5
BRF:0
BRH:0
end_of_record
TN:
SF:examples/greeter-extension/src/greeters/greeter-cn.ts
FN:24,(anonymous_0)
FN:32,(anonymous_1)
FNF:2
FNH:2
FNDA:9,(anonymous_0)
FNDA:3,(anonymous_1)
DA:6,2
DA:7,2
DA:21,2
DA:22,9
DA:29,9
DA:33,3
DA:34,1
DA:36,2
LF:8
LH:8
BRDA:29,0,0,8
BRDA:33,1,0,1
BRDA:33,1,1,2
BRDA:33,2,0,0
BRDA:33,2,1,3
BRDA:33,3,0,3
BRDA:33,3,1,3
BRF:7
BRH:6
end_of_record
TN:
SF:examples/greeter-extension/src/greeters/greeter-en.ts
FN:12,(anonymous_0)
FN:15,(anonymous_1)
FNF:2
FNH:2
FNDA:9,(anonymous_0)
FNDA:5,(anonymous_1)
DA:1,2
DA:6,2
DA:12,2
DA:13,9
DA:16,5
LF:5
LH:5
BRF:0
BRH:0
end_of_record
TN:
SF:examples/greeting-app/src/application.ts
FN:15,(anonymous_0)
FN:23,(anonymous_1)
FNF:2
FNH:2
FNDA:1,(anonymous_0)
FNDA:1,(anonymous_1)
DA:6,1
DA:7,1
DA:8,1
DA:9,1
DA:10,1
DA:11,1
DA:12,1
DA:14,1
DA:16,1
DA:17,1
DA:18,1
DA:19,1
DA:20,1
DA:24,1
DA:25,1
LF:15
LH:15
BRDA:15,0,0,0
BRF:1
BRH:0
end_of_record
TN:
SF:examples/greeting-app/src/caching-service.ts
FN:27,(anonymous_0)
FN:33,(anonymous_1)
FN:35,(anonymous_2)
FN:50,(anonymous_3)
FN:58,(anonymous_4)
FN:68,(anonymous_5)
FN:75,(anonymous_6)
FN:84,(anonymous_7)
FN:94,(anonymous_8)
FN:103,(anonymous_9)
FN:116,(anonymous_10)
FN:121,(anonymous_11)
FN:129,(anonymous_12)
FN:142,(anonymous_13)
FNF:14
FNH:13
FNDA:1,(anonymous_0)
FNDA:1,(anonymous_1)
FNDA:0,(anonymous_2)
FNDA:4,(anonymous_3)
FNDA:5,(anonymous_4)
FNDA:1,(anonymous_5)
FNDA:4,(anonymous_6)
FNDA:7,(anonymous_7)
FNDA:9,(anonymous_8)
FNDA:2,(anonymous_9)
FNDA:2,(anonymous_10)
FNDA:2,(anonymous_11)
FNDA:2,(anonymous_12)
FNDA:1,(anonymous_13)
DA:6,1
DA:7,1
DA:9,1
DA:23,1
DA:25,1
DA:29,1
DA:33,1
DA:34,1
DA:35,1
DA:36,0
DA:37,0
DA:51,4
DA:59,5
DA:60,5
DA:61,5
DA:69,1
DA:76,4
DA:85,7
DA:86,7
DA:87,7
DA:88,3
DA:95,9
DA:96,9
DA:97,9
DA:104,2
DA:105,2
DA:106,2
DA:107,1
DA:108,1
DA:117,2
DA:118,2
DA:119,2
DA:120,2
DA:121,2
DA:122,2
DA:130,2
DA:132,2
DA:135,2
DA:143,1
DA:144,1
LF:40
LH:38
BRDA:61,0,0,4
BRDA:61,0,1,1
BRDA:84,1,0,7
BRDA:87,2,0,4
BRDA:87,2,1,3
BRDA:97,3,0,6
BRDA:97,3,1,3
BRDA:97,4,0,9
BRDA:97,4,1,9
BRDA:97,5,0,3
BRDA:97,5,1,6
BRDA:97,6,0,9
BRDA:97,6,1,9
BRDA:106,7,0,1
BRDA:106,7,1,1
BRDA:132,8,0,0
BRF:16
BRH:15
end_of_record
TN:
SF:examples/greeting-app/src/index.ts
FN:11,main
FN:29,(anonymous_1)
FNF:2
FNH:0
FNDA:0,main
FNDA:0,(anonymous_1)
DA:6,1
DA:7,1
DA:8,1
DA:10,1
DA:11,1
DA:12,0
DA:22,0
DA:23,0
DA:24,0
DA:25,0
DA:28,1
DA:29,0
DA:30,0
DA:31,0
LF:14
LH:6
BRDA:14,0,0,0
BRDA:14,0,1,0
BRDA:14,1,0,0
BRDA:14,1,1,0
BRDA:15,2,0,0
BRDA:15,2,1,0
BRDA:15,3,0,0
BRDA:15,3,1,0
BRDA:28,4,0,0
BRDA:28,4,1,1
BRF:10
BRH:1
end_of_record
TN:
SF:examples/greeting-app/src/keys.ts
FNF:0
FNH:0
DA:6,1
DA:12,1
LF:2
LH:2
BRF:0
BRH:0
end_of_record
TN:
SF:examples/greeting-app/src/interceptors/caching.interceptor.ts
FN:25,(anonymous_0)
FN:29,(anonymous_1)
FN:30,(anonymous_2)
FNF:3
FNH:3
FNDA:5,(anonymous_0)
FNDA:5,(anonymous_1)
FNDA:5,(anonymous_2)
DA:6,1
DA:16,1
DA:17,1
DA:18,1
DA:19,1
DA:21,1
DA:24,1
DA:26,5
DA:30,5
DA:34,5
DA:38,5
DA:42,5
DA:43,5
DA:44,5
DA:45,5
DA:46,5
DA:47,1
DA:48,1
DA:50,4
DA:51,4
DA:52,4
LF:21
LH:21
BRDA:38,0,0,5
BRDA:43,1,0,5
BRDA:43,1,1,0
BRDA:46,2,0,1
BRDA:46,2,1,4
BRF:5
BRH:4
end_of_record
TN:
SF:examples/greeting-app/src/interceptors/index.ts
FNF:0
FNH:0
DA:6,1
LF:1
LH:1
BRF:0
BRH:0
end_of_record
TN:
SF:examples/greeting-app/src/observers/cache.observer.ts
FN:17,(anonymous_0)
FN:24,(anonymous_1)
FN:31,(anonymous_2)
FNF:3
FNH:3
FNDA:1,(anonymous_0)
FNDA:1,(anonymous_1)
FNDA:1,(anonymous_2)
DA:6,1
DA:7,1
DA:8,1
DA:15,1
DA:18,1
DA:25,1
DA:32,1
LF:7
LH:7
BRF:0
BRH:0
end_of_record
TN:
SF:examples/hello-world/src/application.ts
FN:11,(anonymous_0)
FN:18,(anonymous_1)
FN:23,(anonymous_2)
FNF:3
FNH:3
FNDA:1,(anonymous_0)
FNDA:1,(anonymous_1)
FNDA:1,(anonymous_2)
DA:7,1
DA:10,1
DA:12,1
DA:18,1
DA:19,1
DA:24,1
DA:26,1
DA:27,0
DA:28,0
LF:9
LH:7
BRDA:11,0,0,0
BRDA:26,1,0,0
BRDA:26,1,1,1
BRDA:26,2,0,0
BRDA:26,2,1,1
BRDA:26,3,0,1
BRDA:26,3,1,1
BRF:7
BRH:4
end_of_record
TN:
SF:examples/lb3-application/src/application.ts
FN:18,(anonymous_0)
FNF:1
FNH:1
FNDA:2,(anonymous_0)
DA:6,3
DA:7,3
DA:9,3
DA:10,3
DA:11,3
DA:12,3
DA:13,3
DA:15,3
DA:19,2
DA:22,2
DA:25,2
DA:27,2
DA:28,2
DA:30,2
DA:32,2
LF:15
LH:15
BRDA:18,0,0,0
BRF:1
BRH:0
end_of_record
TN:
SF:examples/lb3-application/src/sequence.ts
FNF:0
FNH:0
DA:6,3
DA:8,3
LF:2
LH:2
BRF:0
BRH:0
end_of_record
TN:
SF:examples/lb3-application/src/server.ts
FN:27,(anonymous_0)
FN:42,(anonymous_1)
FN:50,(anonymous_2)
FN:54,(anonymous_3)
FN:64,(anonymous_4)
FNF:5
FNH:5
FNDA:2,(anonymous_0)
FNDA:1,(anonymous_1)
FNDA:2,(anonymous_2)
FNDA:2,(anonymous_3)
FNDA:2,(anonymous_4)
DA:7,3
DA:8,3
DA:11,3
DA:12,3
DA:14,3
DA:15,3
DA:16,3
DA:17,3
DA:21,3
DA:28,2
DA:30,2
DA:33,2
DA:34,2
DA:35,2
DA:36,2
DA:39,2
DA:42,2
DA:43,1
DA:47,2
DA:51,2
DA:55,2
DA:56,2
DA:57,2
DA:58,2
DA:59,2
DA:60,2
DA:61,2
DA:65,2
DA:66,2
DA:67,2
DA:68,2
DA:69,2
LF:32
LH:32
BRDA:27,0,0,0
BRDA:56,1,0,2
BRDA:56,1,1,0
BRDA:56,2,0,2
BRDA:56,2,1,2
BRDA:57,3,0,2
BRDA:57,3,1,0
BRDA:57,4,0,2
BRDA:57,4,1,2
BRDA:65,5,0,0
BRDA:65,5,1,2
BRF:11
BRH:7
end_of_record
TN:
SF:examples/log-extension/src/component.ts
FN:10,(anonymous_0)
FNF:1
FNH:1
FNDA:10,(anonymous_0)
DA:7,2
DA:8,2
DA:10,2
DA:11,10
LF:4
LH:4
BRF:0
BRH:0
end_of_record
TN:
SF:examples/log-extension/src/index.ts
FNF:0
FNH:0
DA:6,2
DA:7,2
DA:8,2
DA:9,2
DA:10,2
DA:11,2
LF:6
LH:6
BRF:0
BRH:0
end_of_record
TN:
SF:examples/log-extension/src/keys.ts
FN:12,(anonymous_0)
FN:29,(anonymous_1)
FNF:2
FNH:2
FNDA:2,(anonymous_0)
FNDA:2,(anonymous_1)
DA:6,2
DA:12,2
DA:13,2
DA:15,2
DA:16,2
DA:17,2
DA:23,2
DA:29,2
DA:30,2
DA:31,2
DA:32,2
DA:33,2
DA:34,2
LF:13
LH:13
BRDA:12,0,0,2
BRDA:12,0,1,2
BRDA:29,1,0,2
BRDA:29,1,1,2
BRF:4
BRH:4
end_of_record
TN:
SF:examples/log-extension/src/decorators/index.ts
FNF:0
FNH:0
DA:6,2
LF:1
LH:1
BRF:0
BRH:0
end_of_record
TN:
SF:examples/log-extension/src/decorators/log.decorator.ts
FN:21,log
FN:37,getLogMetadata
FNF:2
FNH:2
FNDA:38,log
FNDA:43,getLogMetadata
DA:6,2
DA:7,2
DA:21,2
DA:22,38
DA:23,38
DA:37,2
DA:41,43
LF:7
LH:7
BRDA:22,0,0,6
BRDA:22,0,1,32
BRDA:46,1,0,38
BRDA:46,1,1,5
BRDA:42,2,0,43
BRDA:42,2,1,43
BRF:6
BRH:6
end_of_record
TN:
SF:examples/log-extension/src/mixins/index.ts
FNF:0
FNH:0
DA:6,2
LF:1
LH:1
BRF:0
BRH:0
end_of_record
TN:
SF:examples/log-extension/src/mixins/log.mixin.ts
FN:20,LogMixin
FN:24,(anonymous_1)
FN:42,(anonymous_2)
FNF:3
FNH:3
FNDA:2,LogMixin
FNDA:10,(anonymous_1)
FNDA:7,(anonymous_2)
DA:7,2
DA:8,2
DA:20,2
DA:21,2
DA:25,10
DA:26,10
DA:27,1
DA:29,10
DA:43,7
LF:9
LH:9
BRDA:26,0,0,1
BRDA:26,0,1,9
BRDA:26,1,0,0
BRDA:26,1,1,10
BRDA:26,2,0,10
BRDA:26,2,1,10
BRF:6
BRH:5
end_of_record
TN:
SF:examples/log-extension/src/providers/index.ts
FNF:0
FNH:0
DA:6,2
DA:7,2
LF:2
LH:2
BRF:0
BRH:0
end_of_record
TN:
SF:examples/log-extension/src/providers/log-action.provider.ts
FN:33,(anonymous_0)
FN:41,(anonymous_1)
FN:42,(anonymous_2)
FN:52,(anonymous_3)
FN:59,(anonymous_4)
FN:97,logToConsole
FNF:6
FNH:6
FNDA:41,(anonymous_0)
FNDA:41,(anonymous_1)
FNDA:41,(anonymous_2)
FNDA:2,(anonymous_3)
FNDA:41,(anonymous_4)
FNDA:3,logToConsole
DA:6,2
DA:14,2
DA:15,2
DA:16,2
DA:25,2
DA:28,41
DA:31,41
DA:35,41
DA:37,41
DA:38,41
DA:42,41
DA:49,41
DA:52,41
DA:53,2
DA:56,41
DA:66,41
DA:67,41
DA:69,41
DA:70,41
DA:72,41
DA:78,19
DA:79,19
DA:80,19
DA:82,19
DA:83,19
DA:85,19
DA:86,2
DA:88,2
DA:89,2
DA:92,19
DA:99,3
DA:101,0
DA:102,0
DA:104,0
DA:105,0
DA:107,0
DA:108,0
DA:110,3
DA:111,3
DA:113,3
LF:40
LH:34
BRDA:70,0,0,41
BRDA:70,0,1,0
BRDA:72,1,0,19
BRDA:72,1,1,22
BRDA:73,2,0,41
BRDA:73,2,1,41
BRDA:73,2,2,34
BRDA:73,2,3,27
BRDA:78,3,0,0
BRDA:78,3,1,19
BRDA:82,4,0,0
BRDA:82,4,1,19
BRDA:85,5,0,2
BRDA:85,5,1,17
BRDA:100,6,0,0
BRDA:100,6,1,0
BRDA:100,6,2,0
BRDA:100,6,3,3
BRDA:113,7,0,3
BRDA:113,7,1,0
BRF:20
BRH:13
end_of_record
TN:
SF:examples/log-extension/src/providers/timer.provider.ts
FN:10,(anonymous_0)
FN:12,(anonymous_1)
FN:13,(anonymous_2)
FNF:3
FNH:3
FNDA:2,(anonymous_0)
FNDA:2,(anonymous_1)
FNDA:2,(anonymous_2)
DA:9,2
DA:13,2
DA:14,2
DA:15,1
LF:4
LH:4
BRDA:14,0,0,1
BRDA:14,0,1,1
BRF:2
BRH:2
end_of_record
TN:
SF:examples/metrics-prometheus/src/application.ts
FN:12,(anonymous_0)
FN:18,(anonymous_1)
FNF:2
FNH:2
FNDA:1,(anonymous_0)
FNDA:1,(anonymous_1)
DA:6,1
DA:8,1
DA:9,1
DA:11,1
DA:13,1
DA:14,1
DA:15,1
DA:19,1
DA:20,1
LF:9
LH:9
BRDA:12,0,0,0
BRF:1
BRH:0
end_of_record
TN:
SF:examples/metrics-prometheus/src/index.ts
FN:9,main
FN:28,(anonymous_1)
FNF:2
FNH:0
FNDA:0,main
FNDA:0,(anonymous_1)
DA:6,1
DA:8,1
DA:9,1
DA:10,0
DA:20,0
DA:21,0
DA:22,0
DA:23,0
DA:24,0
DA:27,1
DA:28,0
DA:29,0
DA:30,0
LF:13
LH:4
BRDA:12,0,0,0
BRDA:12,0,1,0
BRDA:12,1,0,0
BRDA:12,1,1,0
BRDA:13,2,0,0
BRDA:13,2,1,0
BRDA:13,3,0,0
BRDA:13,3,1,0
BRDA:27,4,0,0
BRDA:27,4,1,1
BRF:10
BRH:1
end_of_record
TN:
SF:examples/metrics-prometheus/src/controllers/greeting.controller.ts
FN:11,(anonymous_0)
FN:17,(anonymous_1)
FNF:2
FNH:2
FNDA:1,(anonymous_0)
FNDA:1,(anonymous_1)
DA:6,1
DA:7,1
DA:8,1
DA:10,1
DA:13,1
DA:17,1
DA:21,1
DA:22,1
DA:23,1
DA:25,1
LF:10
LH:10
BRDA:19,0,0,1
BRF:1
BRH:1
end_of_record
TN:
SF:examples/metrics-prometheus/src/services/greeting.service.ts
FN:12,(anonymous_0)
FNF:1
FNH:1
FNDA:1,(anonymous_0)
DA:6,1
DA:7,1
DA:8,1
DA:11,1
DA:13,1
DA:15,1
DA:16,1
DA:17,1
LF:8
LH:8
BRF:0
BRH:0
end_of_record
TN:
SF:examples/metrics-prometheus/src/services/index.ts
FNF:0
FNH:0
DA:6,1
LF:1
LH:1
BRF:0
BRH:0
end_of_record
TN:
SF:examples/multi-tenancy/src/application.ts
FN:24,(anonymous_0)
FNF:1
FNH:1
FNDA:4,(anonymous_0)
DA:6,4
DA:8,4
DA:9,4
DA:10,4
DA:14,4
DA:15,4
DA:16,4
DA:17,4
DA:21,4
DA:25,4
DA:28,4
DA:31,4
DA:34,4
DA:37,4
DA:43,4
DA:45,4
DA:47,4
LF:17
LH:17
BRDA:24,0,0,0
BRF:1
BRH:0
end_of_record
TN:
SF:examples/multi-tenancy/src/index.ts
FN:11,main
FN:41,(anonymous_1)
FNF:2
FNH:0
FNDA:0,main
FNDA:0,(anonymous_1)
DA:6,4
DA:8,4
DA:9,4
DA:11,4
DA:12,0
DA:13,0
DA:14,0
DA:16,0
DA:17,0
DA:18,0
DA:20,0
DA:23,4
DA:25,0
DA:41,0
DA:42,0
DA:43,0
LF:16
LH:5
BRDA:11,0,0,0
BRDA:23,1,0,0
BRDA:23,1,1,4
BRDA:27,2,0,0
BRDA:27,2,1,0
BRDA:27,3,0,0
BRDA:27,3,1,0
BRF:7
BRH:1
end_of_record
TN:
SF:examples/multi-tenancy/src/sequence.ts
FNF:0
FNH:0
DA:6,4
DA:8,4
LF:2
LH:2
BRF:0
BRH:0
end_of_record
TN:
SF:examples/multi-tenancy/src/controllers/ping.controller.ts
FN:40,(anonymous_0)
FN:48,(anonymous_1)
FNF:2
FNH:2
FNDA:1,(anonymous_0)
FNDA:1,(anonymous_1)
DA:6,4
DA:7,4
DA:12,4
DA:39,4
DA:40,1
DA:48,4
DA:50,1
LF:7
LH:7
BRF:0
BRH:0
end_of_record
TN:
SF:examples/multi-tenancy/src/controllers/user.controller.ts
FN:30,(anonymous_0)
FN:45,(anonymous_1)
FN:75,(anonymous_2)
FN:94,(anonymous_3)
FN:106,(anonymous_4)
FN:132,(anonymous_5)
FN:146,(anonymous_6)
FN:167,(anonymous_7)
FN:181,(anonymous_8)
FNF:9
FNH:3
FNDA:12,(anonymous_0)
FNDA:6,(anonymous_1)
FNDA:0,(anonymous_2)
FNDA:6,(anonymous_3)
FNDA:0,(anonymous_4)
FNDA:0,(anonymous_5)
FNDA:0,(anonymous_6)
FNDA:0,(anonymous_7)
FNDA:0,(anonymous_8)
DA:6,4
DA:7,4
DA:15,4
DA:25,4
DA:26,4
DA:27,4
DA:29,4
DA:32,12
DA:34,12
DA:45,4
DA:59,6
DA:60,4
DA:62,2
DA:64,6
DA:75,4
DA:76,0
DA:94,4
DA:95,6
DA:106,4
DA:117,0
DA:132,4
DA:136,0
DA:146,4
DA:157,0
DA:167,4
DA:171,0
DA:181,4
DA:182,0
LF:28
LH:22
BRDA:59,0,0,4
BRDA:59,0,1,2
BRDA:59,1,0,2
BRDA:59,1,1,4
BRDA:59,2,0,6
BRDA:59,2,1,6
BRDA:60,3,0,0
BRDA:60,3,1,4
BRDA:60,4,0,4
BRDA:60,4,1,4
BRF:10
BRH:9
end_of_record
TN:
SF:examples/multi-tenancy/src/datasources/db.datasource.ts
FN:24,(anonymous_0)
FNF:1
FNH:1
FNDA:4,(anonymous_0)
DA:6,4
DA:7,4
DA:9,4
DA:17,4
DA:21,4
DA:22,4
DA:28,4
LF:7
LH:7
BRDA:26,0,0,4
BRF:1
BRH:1
end_of_record
TN:
SF:examples/multi-tenancy/src/datasources/db1.datasource.ts
FN:22,(anonymous_0)
FNF:1
FNH:1
FNDA:4,(anonymous_0)
DA:6,4
DA:7,4
DA:9,4
DA:15,4
DA:19,4
DA:20,4
DA:26,4
LF:7
LH:7
BRDA:24,0,0,4
BRF:1
BRH:1
end_of_record
TN:
SF:examples/multi-tenancy/src/datasources/db2.datasource.ts
FN:22,(anonymous_0)
FNF:1
FNH:1
FNDA:4,(anonymous_0)
DA:6,4
DA:7,4
DA:9,4
DA:15,4
DA:19,4
DA:20,4
DA:26,4
LF:7
LH:7
BRDA:24,0,0,4
BRF:1
BRH:1
end_of_record
TN:
SF:examples/multi-tenancy/src/models/index.ts
FNF:0
FNH:0
DA:6,4
LF:1
LH:1
BRF:0
BRH:0
end_of_record
TN:
SF:examples/multi-tenancy/src/models/user.model.ts
FN:28,(anonymous_0)
FNF:1
FNH:1
FNDA:18,(anonymous_0)
DA:6,4
DA:9,4
DA:13,4
DA:20,4
DA:26,4
DA:29,18
LF:6
LH:6
BRF:0
BRH:0
end_of_record
TN:
SF:examples/multi-tenancy/src/multi-tenancy/component.ts
FN:21,(anonymous_0)
FNF:1
FNH:1
FNDA:4,(anonymous_0)
DA:6,4
DA:12,4
DA:13,4
DA:14,4
DA:21,4
DA:22,4
LF:6
LH:6
BRF:0
BRH:0
end_of_record
TN:
SF:examples/multi-tenancy/src/multi-tenancy/index.ts
FNF:0
FNH:0
DA:6,4
DA:7,4
DA:8,4
LF:3
LH:3
BRF:0
BRH:0
end_of_record
TN:
SF:examples/multi-tenancy/src/multi-tenancy/keys.ts
FN:10,(anonymous_0)
FNF:1
FNH:1
FNDA:4,(anonymous_0)
DA:6,4
DA:10,4
DA:11,4
DA:15,4
DA:20,4
LF:5
LH:5
BRDA:10,0,0,4
BRDA:10,0,1,4
BRF:2
BRH:2
end_of_record
TN:
SF:examples/multi-tenancy/src/multi-tenancy/middleware/multi-tenancy-middleware.provider.ts
FN:35,(anonymous_0)
FN:44,(anonymous_1)
FN:45,(anonymous_2)
FN:55,(anonymous_3)
FN:70,(anonymous_4)
FN:75,(anonymous_5)
FN:76,(anonymous_6)
FN:82,(anonymous_7)
FNF:8
FNH:7
FNDA:15,(anonymous_0)
FNDA:15,(anonymous_1)
FNDA:15,(anonymous_2)
FNDA:15,(anonymous_3)
FNDA:15,(anonymous_4)
FNDA:60,(anonymous_5)
FNDA:24,(anonymous_6)
FNDA:0,(anonymous_7)
DA:6,4
DA:14,4
DA:15,4
DA:16,4
DA:18,4
DA:34,4
DA:37,15
DA:39,15
DA:45,15
DA:46,15
DA:47,15
DA:56,15
DA:57,15
DA:58,15
DA:59,8
DA:64,8
DA:65,8
DA:66,8
DA:67,8
DA:71,15
DA:72,15
DA:73,15
DA:74,15
DA:75,60
DA:77,24
DA:79,15
DA:80,0
DA:82,0
DA:85,15
DA:86,27
DA:87,27
DA:88,27
DA:89,8
DA:90,8
DA:93,7
DA:94,7
LF:36
LH:34
BRDA:39,0,0,3
BRDA:58,1,0,7
BRDA:58,1,1,8
BRDA:79,2,0,0
BRDA:79,2,1,15
BRDA:88,3,0,8
BRDA:88,3,1,19
BRF:7
BRH:6
end_of_record
TN:
SF:examples/multi-tenancy/src/multi-tenancy/strategies/base-strategy.ts
FN:11,(anonymous_0)
FNF:1
FNH:1
FNDA:8,(anonymous_0)
DA:10,4
DA:15,8
LF:2
LH:2
BRF:0
BRH:0
end_of_record
TN:
SF:examples/multi-tenancy/src/multi-tenancy/strategies/header-strategy.ts
FN:15,(anonymous_0)
FN:21,(anonymous_1)
FNF:2
FNH:2
FNDA:15,(anonymous_0)
FNDA:11,(anonymous_1)
DA:7,4
DA:9,4
DA:11,4
DA:15,4
DA:19,15
DA:22,11
DA:23,11
DA:24,11
LF:8
LH:8
BRDA:24,0,0,7
BRDA:24,0,1,4
BRF:2
BRH:2
end_of_record
TN:
SF:examples/multi-tenancy/src/multi-tenancy/strategies/host-strategy.ts
FN:16,(anonymous_0)
FN:24,(anonymous_1)
FN:30,(anonymous_2)
FNF:3
FNH:1
FNDA:15,(anonymous_0)
FNDA:0,(anonymous_1)
FNDA:0,(anonymous_2)
DA:6,4
DA:8,4
DA:10,4
DA:12,4
DA:16,4
DA:17,15
DA:20,15
DA:25,0
DA:26,0
DA:27,0
DA:31,0
DA:32,0
DA:33,0
DA:34,0
DA:35,0
DA:36,0
LF:16
LH:7
BRDA:31,0,0,0
BRDA:31,0,1,0
BRDA:35,1,0,0
BRDA:35,1,1,0
BRF:4
BRH:0
end_of_record
TN:
SF:examples/multi-tenancy/src/multi-tenancy/strategies/index.ts
FNF:0
FNH:0
DA:6,4
DA:7,4
DA:8,4
DA:9,4
DA:10,4
LF:5
LH:5
BRF:0
BRH:0
end_of_record
TN:
SF:examples/multi-tenancy/src/multi-tenancy/strategies/jwt-strategy.ts
FN:17,(anonymous_0)
FN:20,(anonymous_1)
FNF:2
FNH:2
FNDA:15,(anonymous_0)
FNDA:12,(anonymous_1)
DA:7,4
DA:8,4
DA:10,4
DA:12,4
DA:17,4
DA:18,15
DA:21,12
DA:24,12
DA:25,12
DA:27,4
DA:28,4
DA:29,4
DA:30,4
DA:31,4
DA:32,4
DA:33,4
DA:34,4
LF:17
LH:17
BRDA:25,0,0,4
BRDA:25,0,1,8
BRDA:25,1,0,8
BRDA:25,1,1,4
BRDA:25,2,0,12
BRDA:25,2,1,12
BRDA:32,3,0,0
BRDA:32,3,1,4
BRDA:32,4,0,4
BRDA:32,4,1,4
BRDA:34,5,0,0
BRDA:34,5,1,4
BRF:12
BRH:10
end_of_record
TN:
SF:examples/multi-tenancy/src/multi-tenancy/strategies/query-strategy.ts
FN:16,(anonymous_0)
FN:22,(anonymous_1)
FNF:2
FNH:2
FNDA:15,(anonymous_0)
FNDA:4,(anonymous_1)
DA:7,4
DA:9,4
DA:11,4
DA:16,4
DA:20,15
DA:23,4
DA:24,4
DA:25,4
LF:8
LH:8
BRDA:25,0,0,4
BRDA:25,0,1,0
BRF:2
BRH:1
end_of_record
TN:
SF:examples/multi-tenancy/src/repositories/index.ts
FNF:0
FNH:0
DA:6,4
LF:1
LH:1
BRF:0
BRH:0
end_of_record
TN:
SF:examples/multi-tenancy/src/repositories/user.repository.ts
FN:15,(anonymous_0)
FNF:1
FNH:1
FNDA:12,(anonymous_0)
DA:6,4
DA:7,4
DA:8,4
DA:10,4
DA:16,12
LF:5
LH:5
BRF:0
BRH:0
end_of_record
TN:
SF:examples/passport-login/src/application.ts
FN:18,(anonymous_0)
FNF:1
FNH:1
FNDA:1,(anonymous_0)
DA:6,1
DA:7,1
DA:9,1
DA:10,1
DA:11,1
DA:12,1
DA:13,1
DA:15,1
DA:19,1
DA:22,1
DA:24,1
DA:25,1
DA:27,1
DA:29,1
LF:14
LH:14
BRDA:18,0,0,0
BRF:1
BRH:0
end_of_record
TN:
SF:examples/passport-login/src/index.ts
FN:17,serverConfig
FN:45,setupApplication
FN:65,startApplication
FN:81,main
FN:96,(anonymous_4)
FNF:5
FNH:3
FNDA:1,serverConfig
FNDA:1,setupApplication
FNDA:1,startApplication
FNDA:0,main
FNDA:0,(anonymous_4)
DA:7,1
DA:8,1
DA:9,1
DA:11,1
DA:17,1
DA:21,1
DA:38,1
DA:45,1
DA:49,1
DA:56,1
DA:65,1
DA:70,1
DA:71,1
DA:72,1
DA:73,1
DA:74,1
DA:75,1
DA:81,1
DA:83,0
DA:84,0
DA:86,0
DA:88,0
DA:92,0
DA:95,1
DA:96,0
DA:97,0
DA:98,0
LF:27
LH:19
BRDA:23,0,0,0
BRDA:23,0,1,1
BRDA:23,1,0,1
BRDA:23,1,1,1
BRDA:53,2,0,0
BRDA:53,2,1,1
BRDA:83,3,0,0
BRDA:83,3,1,0
BRDA:95,4,0,0
BRDA:95,4,1,1
BRF:10
BRH:5
end_of_record
TN:
SF:examples/passport-login/src/sequence.ts
FN:35,(anonymous_0)
FN:33,(anonymous_1)
FN:46,(anonymous_2)
FNF:3
FNH:2
FNDA:19,(anonymous_0)
FNDA:0,(anonymous_1)
FNDA:19,(anonymous_2)
DA:6,1
DA:12,1
DA:13,1
DA:25,1
DA:27,1
DA:33,19
DA:36,19
DA:38,19
DA:39,19
DA:40,19
DA:41,19
DA:43,19
DA:47,19
DA:48,19
DA:49,19
DA:50,19
DA:52,19
DA:56,19
DA:59,19
DA:60,4
DA:64,19
DA:67,15
DA:68,15
DA:73,4
DA:80,0
DA:84,0
DA:87,4
DA:91,0
DA:93,4
DA:94,4
LF:30
LH:27
BRDA:50,0,0,0
BRDA:50,0,1,19
BRDA:59,1,0,4
BRDA:59,1,1,15
BRDA:59,2,0,0
BRDA:59,2,1,19
BRDA:59,3,0,19
BRDA:59,3,1,19
BRDA:73,4,0,0
BRDA:73,4,1,4
BRDA:74,5,0,4
BRDA:74,5,1,0
BRDA:74,5,2,0
BRDA:87,6,0,0
BRDA:87,6,1,4
BRDA:88,7,0,4
BRDA:88,7,1,4
BRF:17
BRH:11
end_of_record
TN:
SF:examples/passport-login/src/server.ts
FN:32,(anonymous_0)
FN:58,(anonymous_1)
FN:65,(anonymous_2)
FN:78,(anonymous_3)
FNF:4
FNH:4
FNDA:1,(anonymous_0)
FNDA:1,(anonymous_1)
FNDA:1,(anonymous_2)
FNDA:1,(anonymous_3)
DA:7,1
DA:8,1
DA:11,1
DA:12,1
DA:26,1
DA:34,1
DA:36,1
DA:44,1
DA:45,1
DA:46,1
DA:47,1
DA:50,1
DA:55,1
DA:59,1
DA:66,1
DA:67,1
DA:68,1
DA:69,1
DA:70,1
DA:71,1
DA:72,1
DA:79,1
DA:80,1
DA:81,1
DA:82,1
DA:83,1
LF:26
LH:26
BRDA:32,0,0,0
BRDA:67,1,0,1
BRDA:67,1,1,0
BRDA:67,2,0,1
BRDA:67,2,1,1
BRDA:68,3,0,0
BRDA:68,3,1,1
BRDA:68,4,0,1
BRDA:68,4,1,1
BRDA:79,5,0,0
BRDA:79,5,1,1
BRF:11
BRH:7
end_of_record
TN:
SF:examples/passport-login/src/wiring.ts
FN:42,setupBindings
FN:44,(anonymous_1)
FN:48,(anonymous_2)
FNF:3
FNH:2
FNDA:1,setupBindings
FNDA:2,(anonymous_1)
FNDA:0,(anonymous_2)
DA:6,1
DA:12,1
DA:13,1
DA:14,1
DA:21,1
DA:30,1
DA:40,1
DA:42,1
DA:44,1
DA:45,2
DA:48,1
DA:49,0
DA:51,1
DA:56,1
DA:62,1
DA:63,4
DA:70,1
DA:76,1
DA:77,4
DA:81,1
DA:90,1
DA:91,7
DA:95,1
DA:96,1
DA:97,1
DA:98,1
DA:99,1
DA:100,1
DA:101,1
LF:29
LH:28
BRF:0
BRH:0
end_of_record
TN:
SF:examples/passport-login/src/authentication-interceptors/facebook.interceptor.ts
FN:21,(anonymous_0)
FN:26,(anonymous_1)
FN:27,(anonymous_2)
FNF:3
FNH:3
FNDA:2,(anonymous_0)
FNDA:2,(anonymous_1)
FNDA:2,(anonymous_2)
DA:6,1
DA:13,1
DA:20,1
DA:23,2
DA:27,2
DA:28,2
DA:31,2
DA:32,2
DA:33,1
DA:35,1
LF:10
LH:10
BRDA:32,0,0,1
BRDA:32,0,1,1
BRF:2
BRH:2
end_of_record
TN:
SF:examples/passport-login/src/authentication-interceptors/google.interceptor.ts
FN:21,(anonymous_0)
FN:26,(anonymous_1)
FN:27,(anonymous_2)
FNF:3
FNH:3
FNDA:2,(anonymous_0)
FNDA:2,(anonymous_1)
FNDA:2,(anonymous_2)
DA:6,1
DA:13,1
DA:20,1
DA:23,2
DA:27,2
DA:28,2
DA:31,2
DA:32,2
DA:33,0
DA:35,2
LF:10
LH:9
BRDA:32,0,0,0
BRDA:32,0,1,2
BRF:2
BRH:1
end_of_record
TN:
SF:examples/passport-login/src/authentication-interceptors/index.ts
FNF:0
FNH:0
DA:6,1
DA:7,1
DA:8,1
DA:9,1
DA:10,1
DA:11,1
LF:6
LH:6
BRF:0
BRH:0
end_of_record
TN:
SF:examples/passport-login/src/authentication-interceptors/oauth2.interceptor.ts
FN:21,(anonymous_0)
FN:26,(anonymous_1)
FN:27,(anonymous_2)
FNF:3
FNH:3
FNDA:2,(anonymous_0)
FNDA:2,(anonymous_1)
FNDA:2,(anonymous_2)
DA:6,1
DA:13,1
DA:20,1
DA:23,2
DA:27,2
DA:28,2
DA:31,2
DA:32,2
DA:33,1
DA:35,1
LF:10
LH:10
BRDA:32,0,0,1
BRDA:32,0,1,1
BRF:2
BRH:2
end_of_record
TN:
SF:examples/passport-login/src/authentication-interceptors/session.interceptor.ts
FN:13,(anonymous_0)
FN:15,(anonymous_1)
FN:16,(anonymous_2)
FNF:3
FNH:3
FNDA:2,(anonymous_0)
FNDA:2,(anonymous_1)
FNDA:2,(anonymous_2)
DA:7,1
DA:8,1
DA:9,1
DA:12,1
DA:16,2
DA:17,2
DA:20,2
DA:21,2
DA:22,2
DA:23,2
DA:25,2
LF:11
LH:11
BRDA:21,0,0,2
BRDA:21,0,1,0
BRF:2
BRH:1
end_of_record
TN:
SF:examples/passport-login/src/authentication-interceptors/twitter.interceptor.ts
FN:21,(anonymous_0)
FN:26,(anonymous_1)
FN:27,(anonymous_2)
FNF:3
FNH:3
FNDA:2,(anonymous_0)
FNDA:2,(anonymous_1)
FNDA:2,(anonymous_2)
DA:6,1
DA:13,1
DA:20,1
DA:23,2
DA:27,2
DA:28,2
DA:31,2
DA:32,2
DA:33,0
DA:35,2
LF:10
LH:9
BRDA:32,0,0,0
BRDA:32,0,1,2
BRF:2
BRH:1
end_of_record
TN:
SF:examples/passport-login/src/authentication-interceptors/types.ts
FN:20,oAuth2InterceptExpressMiddleware
FNF:1
FNH:1
FNDA:1,oAuth2InterceptExpressMiddleware
DA:6,1
DA:20,1
DA:21,1
LF:3
LH:3
BRF:0
BRH:0
end_of_record
TN:
SF:examples/passport-login/src/authentication-strategies/basic.ts
FN:26,(anonymous_0)
FN:48,(anonymous_1)
FN:61,(anonymous_2)
FN:89,(anonymous_3)
FN:100,(anonymous_4)
FNF:5
FNH:4
FNDA:14,(anonymous_0)
FNDA:5,(anonymous_1)
FNDA:5,(anonymous_2)
FNDA:3,(anonymous_3)
FNDA:0,(anonymous_4)
DA:6,1
DA:7,1
DA:8,1
DA:9,1
DA:12,1
DA:14,1
DA:15,1
DA:21,1
DA:22,14
DA:28,14
DA:33,14
DA:37,14
DA:49,5
DA:73,5
DA:74,2
DA:82,3
DA:90,3
DA:91,0
DA:93,3
DA:94,3
DA:95,1
DA:98,2
DA:105,0
LF:23
LH:21
BRDA:73,0,0,2
BRDA:73,0,1,3
BRDA:73,1,0,5
BRDA:73,1,1,2
BRDA:90,2,0,0
BRDA:90,2,1,3
BRDA:90,3,0,3
BRDA:90,3,1,3
BRDA:94,4,0,1
BRDA:94,4,1,2
BRDA:94,5,0,3
BRDA:94,5,1,3
BRF:12
BRH:11
end_of_record
TN:
SF:examples/passport-login/src/authentication-strategies/facebook.ts
FN:26,(anonymous_0)
FN:41,(anonymous_1)
FNF:2
FNH:2
FNDA:15,(anonymous_0)
FNDA:1,(anonymous_1)
DA:6,1
DA:7,1
DA:8,1
DA:11,1
DA:13,1
DA:19,1
DA:20,15
DA:28,15
DA:30,15
DA:42,1
LF:10
LH:10
BRF:0
BRH:0
end_of_record
TN:
SF:examples/passport-login/src/authentication-strategies/google.ts
FN:26,(anonymous_0)
FN:41,(anonymous_1)
FNF:2
FNH:1
FNDA:15,(anonymous_0)
FNDA:0,(anonymous_1)
DA:6,1
DA:7,1
DA:8,1
DA:11,1
DA:13,1
DA:19,1
DA:20,15
DA:28,15
DA:30,15
DA:42,0
LF:10
LH:9
BRF:0
BRH:0
end_of_record
TN:
SF:examples/passport-login/src/authentication-strategies/index.ts
FNF:0
FNH:0
DA:6,1
DA:7,1
DA:8,1
DA:9,1
DA:10,1
DA:11,1
DA:12,1
DA:13,1
LF:8
LH:8
BRF:0
BRH:0
end_of_record
TN:
SF:examples/passport-login/src/authentication-strategies/local.ts
FN:25,(anonymous_0)
FN:54,(anonymous_1)
FN:67,(anonymous_2)
FN:80,(anonymous_3)
FN:96,(anonymous_4)
FN:110,(anonymous_5)
FNF:6
FNH:5
FNDA:14,(anonymous_0)
FNDA:1,(anonymous_1)
FNDA:1,(anonymous_2)
FNDA:1,(anonymous_3)
FNDA:0,(anonymous_4)
FNDA:1,(anonymous_5)
DA:6,1
DA:7,1
DA:8,1
DA:9,1
DA:11,1
DA:12,1
DA:14,1
DA:17,1
DA:18,14
DA:27,14
DA:32,14
DA:43,14
DA:55,1
DA:73,1
DA:81,1
DA:86,1
DA:87,0
DA:89,1
DA:90,1
DA:91,0
DA:94,1
DA:101,0
DA:111,1
DA:117,1
LF:24
LH:21
BRDA:86,0,0,0
BRDA:86,0,1,1
BRDA:86,1,0,1
BRDA:86,1,1,1
BRDA:90,2,0,0
BRDA:90,2,1,1
BRDA:90,3,0,1
BRDA:90,3,1,1
BRF:8
BRH:6
end_of_record
TN:
SF:examples/passport-login/src/authentication-strategies/oauth2.ts
FN:23,(anonymous_0)
FN:44,(anonymous_1)
FN:55,(anonymous_2)
FNF:3
FNH:3
FNDA:14,(anonymous_0)
FNDA:2,(anonymous_1)
FNDA:1,(anonymous_2)
DA:6,1
DA:7,1
DA:8,1
DA:11,1
DA:13,1
DA:16,1
DA:17,14
DA:29,14
DA:31,14
DA:33,14
DA:45,2
DA:52,1
DA:53,1
DA:54,1
DA:55,1
DA:57,1
DA:58,1
DA:63,1
LF:18
LH:18
BRDA:45,0,0,1
BRDA:45,0,1,1
BRDA:46,1,0,2
BRDA:46,1,1,2
BRDA:57,2,0,0
BRDA:57,2,1,1
BRF:6
BRH:5
end_of_record
TN:
SF:examples/passport-login/src/authentication-strategies/session.ts
FN:19,(anonymous_0)
FN:28,(anonymous_1)
FNF:2
FNH:2
FNDA:14,(anonymous_0)
FNDA:6,(anonymous_1)
DA:6,1
DA:7,1
DA:8,1
DA:9,1
DA:12,1
DA:13,1
DA:16,1
DA:17,14
DA:21,14
DA:31,6
DA:32,3
DA:34,3
DA:35,3
DA:36,0
DA:38,3
DA:43,3
DA:44,0
DA:46,3
LF:18
LH:16
BRDA:31,0,0,3
BRDA:31,0,1,3
BRDA:31,1,0,6
BRDA:31,1,1,6
BRDA:35,2,0,0
BRDA:35,2,1,3
BRDA:35,3,0,3
BRDA:35,3,1,3
BRDA:43,4,0,0
BRDA:43,4,1,3
BRDA:43,5,0,3
BRDA:43,5,1,3
BRF:12
BRH:10
end_of_record
TN:
SF:examples/passport-login/src/authentication-strategies/twitter.ts
FN:26,(anonymous_0)
FN:41,(anonymous_1)
FNF:2
FNH:1
FNDA:15,(anonymous_0)
FNDA:0,(anonymous_1)
DA:6,1
DA:7,1
DA:8,1
DA:11,1
DA:13,1
DA:19,1
DA:20,15
DA:28,15
DA:30,15
DA:42,0
LF:10
LH:9
BRF:0
BRH:0
end_of_record
TN:
SF:examples/passport-login/src/authentication-strategies/types.ts
FN:26,(anonymous_0)
FN:30,(anonymous_1)
FN:39,(anonymous_2)
FN:47,(anonymous_3)
FN:59,(anonymous_4)
FN:62,(anonymous_5)
FN:72,(anonymous_6)
FN:75,(anonymous_7)
FN:85,(anonymous_8)
FNF:9
FNH:7
FNDA:1,(anonymous_0)
FNDA:1,(anonymous_1)
FNDA:1,(anonymous_2)
FNDA:0,(anonymous_3)
FNDA:4,(anonymous_4)
FNDA:2,(anonymous_5)
FNDA:2,(anonymous_6)
FNDA:0,(anonymous_7)
FNDA:9,(anonymous_8)
DA:6,1
DA:10,1
DA:26,1
DA:27,1
DA:30,1
DA:35,1
DA:41,1
DA:42,1
DA:43,1
DA:44,1
DA:45,1
DA:48,0
DA:59,1
DA:62,4
DA:70,2
DA:73,2
DA:76,0
DA:85,1
DA:86,9
DA:92,9
LF:20
LH:18
BRDA:26,0,0,1
BRDA:26,0,1,1
BRF:2
BRH:2
end_of_record
TN:
SF:examples/passport-login/src/authentication-strategy-providers/facebook.express-mw.ts
FN:15,(anonymous_0)
FN:22,(anonymous_1)
FNF:2
FNH:2
FNDA:1,(anonymous_0)
FNDA:1,(anonymous_1)
DA:6,1
DA:7,1
DA:9,1
DA:12,1
DA:17,1
DA:19,1
DA:23,1
LF:7
LH:7
BRF:0
BRH:0
end_of_record
TN:
SF:examples/passport-login/src/authentication-strategy-providers/facebook.ts
FN:18,(anonymous_0)
FN:30,(anonymous_1)
FNF:2
FNH:2
FNDA:1,(anonymous_0)
FNDA:1,(anonymous_1)
DA:7,1
DA:9,1
DA:10,1
DA:12,1
DA:15,1
DA:20,1
DA:22,1
DA:24,1
DA:31,1
LF:9
LH:9
BRF:0
BRH:0
end_of_record
TN:
SF:examples/passport-login/src/authentication-strategy-providers/google.express-mw.ts
FN:15,(anonymous_0)
FN:22,(anonymous_1)
FNF:2
FNH:2
FNDA:1,(anonymous_0)
FNDA:1,(anonymous_1)
DA:6,1
DA:7,1
DA:9,1
DA:12,1
DA:17,1
DA:19,1
DA:23,1
LF:7
LH:7
BRF:0
BRH:0
end_of_record
TN:
SF:examples/passport-login/src/authentication-strategy-providers/google.ts
FN:21,(anonymous_0)
FN:33,(anonymous_1)
FNF:2
FNH:2
FNDA:1,(anonymous_0)
FNDA:1,(anonymous_1)
DA:7,1
DA:9,1
DA:13,1
DA:15,1
DA:18,1
DA:23,1
DA:25,1
DA:27,1
DA:34,1
LF:9
LH:9
BRF:0
BRH:0
end_of_record
TN:
SF:examples/passport-login/src/authentication-strategy-providers/index.ts
FNF:0
FNH:0
DA:6,1
DA:7,1
DA:8,1
DA:9,1
DA:10,1
DA:11,1
DA:12,1
DA:13,1
LF:8
LH:8
BRF:0
BRH:0
end_of_record
TN:
SF:examples/passport-login/src/authentication-strategy-providers/oauth2.express-mw.ts
FN:15,(anonymous_0)
FN:22,(anonymous_1)
FNF:2
FNH:2
FNDA:1,(anonymous_0)
FNDA:1,(anonymous_1)
DA:6,1
DA:7,1
DA:9,1
DA:12,1
DA:17,1
DA:19,1
DA:23,1
LF:7
LH:7
BRF:0
BRH:0
end_of_record
TN:
SF:examples/passport-login/src/authentication-strategy-providers/oauth2.ts
FN:24,(anonymous_0)
FN:41,(anonymous_1)
FNF:2
FNH:2
FNDA:1,(anonymous_0)
FNDA:1,(anonymous_1)
DA:7,1
DA:9,1
DA:13,1
DA:18,1
DA:21,1
DA:26,1
DA:28,1
DA:30,1
DA:32,1
DA:33,1
DA:35,1
DA:42,1
LF:12
LH:12
BRDA:32,0,0,1
BRDA:32,0,1,0
BRF:2
BRH:1
end_of_record
TN:
SF:examples/passport-login/src/authentication-strategy-providers/twitter.express-mw.ts
FN:15,(anonymous_0)
FN:22,(anonymous_1)
FNF:2
FNH:2
FNDA:1,(anonymous_0)
FNDA:1,(anonymous_1)
DA:6,1
DA:7,1
DA:9,1
DA:12,1
DA:17,1
DA:19,1
DA:23,1
LF:7
LH:7
BRF:0
BRH:0
end_of_record
TN:
SF:examples/passport-login/src/authentication-strategy-providers/twitter.ts
FN:18,(anonymous_0)
FN:30,(anonymous_1)
FNF:2
FNH:2
FNDA:1,(anonymous_0)
FNDA:1,(anonymous_1)
DA:7,1
DA:9,1
DA:10,1
DA:12,1
DA:15,1
DA:20,1
DA:22,1
DA:24,1
DA:31,1
LF:9
LH:9
BRF:0
BRH:0
end_of_record
TN:
SF:examples/passport-login/src/controllers/oauth2.controller.ts
FN:27,(anonymous_0)
FN:37,(anonymous_1)
FN:61,(anonymous_2)
FNF:3
FNH:3
FNDA:4,(anonymous_0)
FNDA:2,(anonymous_1)
FNDA:2,(anonymous_2)
DA:6,1
DA:13,1
DA:14,1
DA:15,1
DA:16,1
DA:26,1
DA:37,1
DA:46,2
DA:47,2
DA:48,2
DA:49,2
DA:61,1
DA:67,2
DA:70,2
DA:71,2
DA:72,2
LF:16
LH:16
BRDA:46,0,0,2
BRDA:46,0,1,0
BRF:2
BRH:1
end_of_record
TN:
SF:examples/passport-login/src/controllers/ping.controller.ts
FN:59,(anonymous_0)
FN:64,(anonymous_1)
FN:74,(anonymous_2)
FNF:3
FNH:2
FNDA:3,(anonymous_0)
FNDA:0,(anonymous_1)
FNDA:3,(anonymous_2)
DA:6,1
DA:13,1
DA:14,1
DA:15,1
DA:17,1
DA:25,1
DA:40,1
DA:58,1
DA:59,3
DA:64,1
DA:65,0
DA:74,1
DA:78,3
LF:13
LH:12
BRF:0
BRH:0
end_of_record
TN:
SF:examples/passport-login/src/controllers/user.controller.ts
FN:46,(anonymous_0)
FN:56,(anonymous_1)
FN:104,(anonymous_2)
FN:130,(anonymous_3)
FN:138,(anonymous_4)
FNF:5
FNH:5
FNDA:6,(anonymous_0)
FNDA:1,(anonymous_1)
FNDA:1,(anonymous_2)
FNDA:2,(anonymous_3)
FNDA:2,(anonymous_4)
DA:6,1
DA:7,1
DA:8,1
DA:9,1
DA:19,1
DA:20,1
DA:21,1
DA:22,1
DA:30,1
DA:45,1
DA:48,6
DA:50,6
DA:52,6
DA:56,1
DA:68,1
DA:69,1
DA:73,1
DA:74,0
DA:77,1
DA:78,1
DA:83,1
DA:88,1
DA:89,1
DA:94,0
DA:98,0
DA:104,1
DA:117,1
DA:120,1
DA:121,1
DA:122,1
DA:130,1
DA:131,2
DA:132,2
DA:133,2
DA:138,1
DA:141,2
DA:147,2
LF:37
LH:34
BRDA:73,0,0,0
BRDA:73,0,1,1
BRDA:77,1,0,1
BRDA:77,1,1,0
BRF:4
BRH:2
end_of_record
TN:
SF:examples/passport-login/src/datasources/db.datasource.ts
FN:20,(anonymous_0)
FNF:1
FNH:1
FNDA:1,(anonymous_0)
DA:6,1
DA:7,1
DA:9,1
DA:16,1
DA:17,1
DA:18,1
DA:24,1
LF:7
LH:7
BRDA:22,0,0,0
BRF:1
BRH:0
end_of_record
TN:
SF:examples/passport-login/src/datasources/index.ts
FNF:0
FNH:0
DA:6,1
LF:1
LH:1
BRF:0
BRH:0
end_of_record
TN:
SF:examples/passport-login/src/model-endpoints/user.rest-config.ts
FNF:0
FNH:0
DA:7,1
DA:9,1
LF:2
LH:2
BRF:0
BRH:0
end_of_record
TN:
SF:examples/passport-login/src/models/index.ts
FNF:0
FNH:0
DA:6,1
DA:7,1
DA:8,1
LF:3
LH:3
BRF:0
BRH:0
end_of_record
TN:
SF:examples/passport-login/src/models/user-credentials.model.ts
FN:27,(anonymous_0)
FN:24,(anonymous_1)
FNF:2
FNH:2
FNDA:6,(anonymous_0)
FNDA:1,(anonymous_1)
DA:6,1
DA:7,1
DA:10,1
DA:15,1
DA:22,1
DA:24,1
DA:25,1
DA:28,6
LF:8
LH:8
BRF:0
BRH:0
end_of_record
TN:
SF:examples/passport-login/src/models/user-identity.model.ts
FN:49,(anonymous_0)
FN:46,(anonymous_1)
FNF:2
FNH:2
FNDA:8,(anonymous_0)
FNDA:1,(anonymous_1)
DA:6,1
DA:7,1
DA:10,1
DA:15,1
DA:21,1
DA:27,1
DA:32,1
DA:38,1
DA:44,1
DA:46,1
DA:47,1
DA:50,8
LF:12
LH:12
BRF:0
BRH:0
end_of_record
TN:
SF:examples/passport-login/src/models/user.model.ts
FN:61,(anonymous_0)
FN:55,(anonymous_1)
FN:58,(anonymous_2)
FNF:3
FNH:3
FNDA:18,(anonymous_0)
FNDA:109,(anonymous_1)
FNDA:109,(anonymous_2)
DA:6,1
DA:7,1
DA:8,1
DA:11,1
DA:17,1
DA:23,1
DA:28,1
DA:36,1
DA:43,1
DA:48,1
DA:53,1
DA:55,109
DA:56,1
DA:58,109
DA:59,1
DA:62,18
LF:16
LH:16
BRF:0
BRH:0
end_of_record
TN:
SF:examples/passport-login/src/observers/wire.observer.ts
FN:21,(anonymous_0)
FN:29,(anonymous_1)
FNF:2
FNH:2
FNDA:1,(anonymous_0)
FNDA:1,(anonymous_1)
DA:6,1
DA:13,1
DA:20,1
DA:22,1
DA:30,1
LF:5
LH:5
BRF:0
BRH:0
end_of_record
TN:
SF:examples/passport-login/src/repositories/index.ts
FNF:0
FNH:0
DA:6,1
LF:1
LH:1
BRF:0
BRH:0
end_of_record
TN:
SF:examples/passport-login/src/repositories/user-credentials.repository.ts
FN:16,(anonymous_0)
FNF:1
FNH:1
FNDA:10,(anonymous_0)
DA:6,1
DA:7,1
DA:8,1
DA:9,1
DA:11,1
DA:17,10
LF:6
LH:6
BRF:0
BRH:0
end_of_record
TN:
SF:examples/passport-login/src/repositories/user-identity.repository.ts
FN:16,(anonymous_0)
FNF:1
FNH:1
FNDA:18,(anonymous_0)
DA:6,1
DA:7,1
DA:8,1
DA:9,1
DA:11,1
DA:17,18
LF:6
LH:6
BRF:0
BRH:0
end_of_record
TN:
SF:examples/passport-login/src/repositories/user.repository.ts
FN:32,(anonymous_0)
FNF:1
FNH:1
FNDA:54,(anonymous_0)
DA:6,1
DA:7,1
DA:13,1
DA:14,1
DA:18,1
DA:35,54
DA:37,54
DA:39,54
DA:40,54
DA:44,54
DA:46,54
DA:50,54
LF:12
LH:12
BRF:0
BRH:0
end_of_record
TN:
SF:examples/passport-login/src/services/index.ts
FNF:0
FNH:0
DA:6,1
DA:7,1
LF:2
LH:2
BRF:0
BRH:0
end_of_record
TN:
SF:examples/passport-login/src/services/keys.ts
FN:11,(anonymous_0)
FNF:1
FNH:1
FNDA:1,(anonymous_0)
DA:6,1
DA:11,1
DA:12,1
LF:3
LH:3
BRDA:11,0,0,1
BRDA:11,0,1,1
BRF:2
BRH:2
end_of_record
TN:
SF:examples/passport-login/src/services/user.service.ts
FN:19,(anonymous_0)
FN:33,(anonymous_1)
FN:67,(anonymous_2)
FN:102,(anonymous_3)
FNF:4
FNH:4
FNDA:4,(anonymous_0)
FNDA:2,(anonymous_1)
FNDA:2,(anonymous_2)
FNDA:2,(anonymous_3)
DA:7,1
DA:10,1
DA:11,1
DA:16,1
DA:21,4
DA:23,4
DA:34,2
DA:35,0
DA:38,2
DA:40,2
DA:46,2
DA:47,1
DA:50,1
DA:56,1
DA:58,2
DA:59,2
DA:72,2
DA:73,2
DA:76,2
DA:77,0
DA:81,2
DA:82,2
DA:84,0
DA:91,2
DA:92,2
DA:106,2
LF:26
LH:23
BRDA:34,0,0,0
BRDA:34,0,1,2
BRDA:34,1,0,2
BRDA:34,1,1,2
BRDA:46,2,0,1
BRDA:46,2,1,1
BRDA:46,3,0,2
BRDA:46,3,1,2
BRDA:48,4,0,1
BRDA:48,4,1,0
BRDA:47,5,0,0
BRDA:47,5,1,1
BRDA:47,6,0,1
BRDA:47,6,1,1
BRDA:52,7,0,1
BRDA:52,7,1,0
BRDA:76,8,0,0
BRDA:76,8,1,2
BRDA:81,9,0,2
BRDA:81,9,1,0
BRDA:91,10,0,0
BRDA:91,10,1,2
BRF:22
BRH:15
end_of_record
TN:
SF:examples/rest-crud/src/application.ts
FN:20,(anonymous_0)
FNF:1
FNH:1
FNDA:1,(anonymous_0)
DA:6,1
DA:8,1
DA:9,1
DA:10,1
DA:11,1
DA:12,1
DA:13,1
DA:17,1
DA:21,1
DA:24,1
DA:27,1
DA:29,1
DA:30,1
DA:32,1
DA:34,1
LF:15
LH:15
BRDA:20,0,0,0
BRF:1
BRH:0
end_of_record
TN:
SF:examples/rest-crud/src/sequence.ts
FNF:0
FNH:0
DA:6,1
DA:8,1
LF:2
LH:2
BRF:0
BRH:0
end_of_record
TN:
SF:examples/rest-crud/src/datasources/db.datasource.ts
FN:20,(anonymous_0)
FNF:1
FNH:1
FNDA:1,(anonymous_0)
DA:6,1
DA:7,1
DA:9,1
DA:16,1
DA:17,1
DA:18,1
DA:24,1
LF:7
LH:7
BRDA:22,0,0,0
BRF:1
BRH:0
end_of_record
TN:
SF:examples/rest-crud/src/model-endpoints/todo.rest-config.ts
FNF:0
FNH:0
DA:7,1
DA:9,1
LF:2
LH:2
BRF:0
BRH:0
end_of_record
TN:
SF:examples/rest-crud/src/models/index.ts
FNF:0
FNH:0
DA:6,2
LF:1
LH:1
BRF:0
BRH:0
end_of_record
TN:
SF:examples/rest-crud/src/models/todo.model.ts
FN:33,(anonymous_0)
FNF:1
FNH:1
FNDA:56,(anonymous_0)
DA:6,2
DA:9,2
DA:15,2
DA:21,2
DA:26,2
DA:31,2
DA:34,56
LF:7
LH:7
BRF:0
BRH:0
end_of_record
TN:
SF:examples/rpc-server/src/rpc.router.ts
FN:10,rpcRouter
FN:12,(anonymous_1)
FN:17,routeHandler
FN:48,sendErrResponse
FNF:4
FNH:2
FNDA:0,rpcRouter
FNDA:0,(anonymous_1)
FNDA:4,routeHandler
FNDA:4,sendErrResponse
DA:6,1
DA:10,1
DA:11,0
DA:12,0
DA:13,0
DA:17,1
DA:22,4
DA:23,4
DA:24,4
DA:26,4
DA:27,4
DA:28,3
DA:29,2
DA:34,3
DA:35,3
DA:37,1
DA:38,1
DA:40,1
DA:54,4
DA:55,4
LF:20
LH:17
BRDA:28,0,0,2
BRDA:28,0,1,1
BRF:2
BRH:2
end_of_record
TN:
SF:examples/rpc-server/src/rpc.server.ts
FN:23,(anonymous_0)
FN:33,(anonymous_1)
FN:37,(anonymous_2)
FN:42,(anonymous_3)
FNF:4
FNH:0
FNDA:0,(anonymous_0)
FNDA:0,(anonymous_1)
FNDA:0,(anonymous_2)
FNDA:0,(anonymous_3)
DA:6,1
DA:13,1
DA:14,1
DA:16,1
DA:18,1
DA:19,0
DA:24,0
DA:25,0
DA:27,0
DA:28,0
DA:29,0
DA:30,0
DA:34,0
DA:38,0
DA:39,0
DA:40,0
DA:43,0
DA:44,0
DA:45,0
LF:19
LH:5
BRDA:28,0,0,0
BRDA:28,0,1,0
BRDA:28,1,0,0
BRDA:28,1,1,0
BRDA:38,2,0,0
BRDA:38,2,1,0
BRDA:38,3,0,0
BRDA:38,3,1,0
BRDA:38,4,0,0
BRDA:38,4,1,0
BRDA:38,5,0,0
BRDA:38,5,1,0
BRF:12
BRH:0
end_of_record
TN:
SF:examples/rpc-server/src/controllers/greet.controller.ts
FN:9,(anonymous_0)
FN:13,(anonymous_1)
FNF:2
FNH:2
FNDA:4,(anonymous_0)
FNDA:2,(anonymous_1)
DA:8,1
DA:10,4
DA:14,2
LF:3
LH:3
BRDA:10,0,0,3
BRDA:10,0,1,1
BRDA:10,1,0,4
BRDA:10,1,1,4
BRDA:10,2,0,0
BRDA:10,2,1,4
BRDA:10,3,0,4
BRDA:10,3,1,4
BRDA:15,4,0,1
BRDA:15,4,1,1
BRDA:15,5,0,2
BRDA:15,5,1,2
BRDA:15,6,0,0
BRDA:15,6,1,2
BRDA:15,7,0,2
BRDA:15,7,1,2
BRF:16
BRH:14
end_of_record
TN:
SF:examples/rpc-server/src/controllers/index.ts
FNF:0
FNH:0
DA:6,1
LF:1
LH:1
BRF:0
BRH:0
end_of_record
TN:
SF:examples/soap-calculator/src/application.ts
FN:20,(anonymous_0)
FNF:1
FNH:1
FNDA:2,(anonymous_0)
DA:6,3
DA:8,3
DA:9,3
DA:10,3
DA:11,3
DA:12,3
DA:13,3
DA:17,3
DA:21,2
DA:24,2
DA:27,2
DA:29,2
DA:31,2
DA:33,2
LF:14
LH:14
BRDA:20,0,0,0
BRF:1
BRH:0
end_of_record
TN:
SF:examples/soap-calculator/src/index.ts
FN:10,main
FN:32,(anonymous_1)
FNF:2
FNH:0
FNDA:0,main
FNDA:0,(anonymous_1)
DA:6,2
DA:8,2
DA:10,2
DA:11,0
DA:12,0
DA:13,0
DA:15,0
DA:16,0
DA:17,0
DA:20,2
DA:22,0
DA:32,0
DA:33,0
DA:34,0
LF:14
LH:4
BRDA:10,0,0,0
BRDA:20,1,0,0
BRDA:20,1,1,2
BRDA:24,2,0,0
BRDA:24,2,1,0
BRDA:24,3,0,0
BRDA:24,3,1,0
BRDA:25,4,0,0
BRDA:25,4,1,0
BRDA:25,5,0,0
BRDA:25,5,1,0
BRF:11
BRH:1
end_of_record
TN:
SF:examples/soap-calculator/src/sequence.ts
FNF:0
FNH:0
DA:6,3
DA:8,3
LF:2
LH:2
BRF:0
BRH:0
end_of_record
TN:
SF:examples/soap-calculator/src/controllers/calculator.controller.ts
FN:18,(anonymous_0)
FN:24,(anonymous_1)
FN:34,(anonymous_2)
FN:45,(anonymous_3)
FN:56,(anonymous_4)
FNF:5
FNH:5
FNDA:5,(anonymous_0)
FNDA:1,(anonymous_1)
FNDA:1,(anonymous_2)
FNDA:1,(anonymous_3)
FNDA:2,(anonymous_4)
DA:6,2
DA:7,2
DA:17,2
DA:20,5
DA:24,2
DA:28,1
DA:34,2
DA:38,1
DA:45,2
DA:49,1
DA:56,2
DA:61,2
DA:62,1
DA:64,1
LF:14
LH:14
BRDA:61,0,0,1
BRDA:61,0,1,1
BRF:2
BRH:2
end_of_record
TN:
SF:examples/soap-calculator/src/datasources/calculator.datasource.ts
FN:47,(anonymous_0)
FNF:1
FNH:1
FNDA:2,(anonymous_0)
DA:6,3
DA:7,3
DA:9,3
DA:43,3
DA:44,3
DA:45,3
DA:51,2
LF:7
LH:7
BRDA:49,0,0,2
BRF:1
BRH:1
end_of_record
TN:
SF:examples/soap-calculator/src/services/calculator.service.ts
FN:44,(anonymous_0)
FN:49,(anonymous_1)
FNF:2
FNH:2
FNDA:6,(anonymous_0)
FNDA:6,(anonymous_1)
DA:6,2
DA:7,2
DA:8,2
DA:43,2
DA:46,6
DA:50,6
LF:6
LH:6
BRDA:46,0,0,0
BRF:1
BRH:0
end_of_record
TN:
SF:examples/socketio/src/application.ts
FN:17,(anonymous_0)
FN:22,(anonymous_1)
FN:28,(anonymous_2)
FNF:3
FNH:3
FNDA:1,(anonymous_0)
FNDA:1,(anonymous_1)
FNDA:1,(anonymous_2)
DA:6,1
DA:8,1
DA:9,1
DA:10,1
DA:12,1
DA:16,1
DA:18,1
DA:20,1
DA:22,1
DA:23,1
DA:24,1
DA:27,1
DA:28,1
DA:29,1
DA:34,1
LF:15
LH:15
BRDA:17,0,0,0
BRF:1
BRH:0
end_of_record
TN:
SF:examples/socketio/src/controllers/index.ts
FNF:0
FNH:0
DA:6,1
LF:1
LH:1
BRF:0
BRH:0
end_of_record
TN:
SF:examples/socketio/src/controllers/socketio.controller.ts
FN:22,(anonymous_0)
FN:33,(anonymous_1)
FN:45,(anonymous_2)
FN:48,(anonymous_3)
FN:63,(anonymous_4)
FN:75,(anonymous_5)
FN:93,(anonymous_6)
FN:109,(anonymous_7)
FN:118,(anonymous_8)
FNF:9
FNH:5
FNDA:1,(anonymous_0)
FNDA:1,(anonymous_1)
FNDA:0,(anonymous_2)
FNDA:0,(anonymous_3)
FNDA:1,(anonymous_4)
FNDA:0,(anonymous_5)
FNDA:0,(anonymous_6)
FNDA:1,(anonymous_7)
FNDA:1,(anonymous_8)
DA:6,1
DA:7,1
DA:9,1
DA:21,1
DA:24,1
DA:33,1
DA:34,1
DA:35,1
DA:45,1
DA:46,0
DA:47,0
DA:48,0
DA:49,0
DA:52,0
DA:63,1
DA:64,1
DA:65,1
DA:75,1
DA:76,0
DA:90,0
DA:92,0
DA:93,0
DA:94,0
DA:101,0
DA:109,1
DA:110,1
DA:118,1
DA:119,1
LF:28
LH:17
BRDA:47,0,0,0
BRDA:47,0,1,0
BRDA:47,1,0,0
BRDA:47,1,1,0
BRDA:92,2,0,0
BRDA:92,2,1,0
BRDA:92,3,0,0
BRDA:92,3,1,0
BRDA:92,4,0,0
BRDA:92,4,1,0
BRDA:92,5,0,0
BRDA:92,5,1,0
BRDA:92,6,0,0
BRDA:92,6,1,0
BRDA:92,7,0,0
BRDA:92,7,1,0
BRDA:92,8,0,0
BRDA:92,8,1,0
BRF:18
BRH:0
end_of_record
TN:
SF:examples/todo-jwt/src/application.ts
FN:29,(anonymous_0)
FNF:1
FNH:1
FNDA:2,(anonymous_0)
DA:6,2
DA:7,2
DA:12,2
DA:14,2
DA:15,2
DA:16,2
DA:20,2
DA:21,2
DA:22,2
DA:23,2
DA:26,2
DA:30,2
DA:33,2
DA:36,2
DA:39,2
DA:42,2
DA:44,2
DA:46,2
DA:57,2
DA:59,2
DA:61,2
DA:65,2
LF:22
LH:22
BRDA:29,0,0,0
BRF:1
BRH:0
end_of_record
TN:
SF:examples/todo-jwt/src/index.ts
FN:8,(anonymous_0)
FN:10,main
FN:38,(anonymous_2)
FNF:3
FNH:1
FNDA:2,(anonymous_0)
FNDA:0,main
FNDA:0,(anonymous_2)
DA:6,2
DA:8,4
DA:10,2
DA:11,0
DA:12,0
DA:13,0
DA:15,0
DA:16,0
DA:17,0
DA:20,2
DA:22,0
DA:38,0
DA:39,0
DA:40,0
LF:14
LH:4
BRDA:10,0,0,0
BRDA:20,1,0,0
BRDA:20,1,1,2
BRDA:24,2,0,0
BRDA:24,2,1,0
BRDA:24,3,0,0
BRDA:24,3,1,0
BRF:7
BRH:1
end_of_record
TN:
SF:examples/todo-jwt/src/sequence.ts
FNF:0
FNH:0
DA:6,2
DA:8,2
LF:2
LH:2
BRF:0
BRH:0
end_of_record
TN:
SF:examples/todo-jwt/src/controllers/todo.controller.ts
FN:29,(anonymous_0)
FN:42,(anonymous_1)
FN:70,(anonymous_2)
FN:92,(anonymous_3)
FN:103,(anonymous_4)
FN:117,(anonymous_5)
FN:138,(anonymous_6)
FN:150,(anonymous_7)
FN:162,(anonymous_8)
FNF:9
FNH:2
FNDA:1,(anonymous_0)
FNDA:0,(anonymous_1)
FNDA:0,(anonymous_2)
FNDA:1,(anonymous_3)
FNDA:0,(anonymous_4)
FNDA:0,(anonymous_5)
FNDA:0,(anonymous_6)
FNDA:0,(anonymous_7)
FNDA:0,(anonymous_8)
DA:5,2
DA:6,2
DA:14,2
DA:24,2
DA:25,2
DA:28,2
DA:31,1
DA:42,2
DA:55,0
DA:70,2
DA:74,0
DA:92,2
DA:93,1
DA:103,2
DA:107,0
DA:117,2
DA:128,0
DA:138,2
DA:139,0
DA:150,2
DA:151,0
DA:162,2
DA:173,0
LF:23
LH:16
BRF:0
BRH:0
end_of_record
TN:
SF:examples/todo-jwt/src/controllers/user.controller.ts
FN:61,(anonymous_0)
FN:90,(anonymous_1)
FN:118,(anonymous_2)
FN:139,(anonymous_3)
FNF:4
FNH:3
FNDA:2,(anonymous_0)
FNDA:1,(anonymous_1)
FNDA:0,(anonymous_2)
FNDA:1,(anonymous_3)
DA:6,2
DA:7,2
DA:15,2
DA:16,2
DA:17,2
DA:24,2
DA:25,2
DA:26,2
DA:29,2
DA:34,2
DA:37,2
DA:52,2
DA:60,2
DA:63,2
DA:65,2
DA:67,2
DA:68,2
DA:90,2
DA:94,1
DA:96,1
DA:99,1
DA:100,1
DA:118,2
DA:122,0
DA:139,2
DA:151,1
DA:152,1
DA:156,1
DA:158,1
LF:29
LH:28
BRF:0
BRH:0
end_of_record
TN:
SF:examples/todo-jwt/src/datasources/db.datasource.ts
FN:28,(anonymous_0)
FNF:1
FNH:1
FNDA:4,(anonymous_0)
DA:6,2
DA:7,2
DA:9,2
DA:21,2
DA:25,2
DA:26,2
DA:32,4
LF:7
LH:7
BRDA:30,0,0,0
BRF:1
BRH:0
end_of_record
TN:
SF:examples/todo-jwt/src/datasources/index.ts
FNF:0
FNH:0
DA:6,2
LF:1
LH:1
BRF:0
BRH:0
end_of_record
TN:
SF:examples/todo-jwt/src/models/index.ts
FNF:0
FNH:0
DA:6,3
LF:1
LH:1
BRF:0
BRH:0
end_of_record
TN:
SF:examples/todo-jwt/src/models/todo.model.ts
FN:33,(anonymous_0)
FNF:1
FNH:0
FNDA:0,(anonymous_0)
DA:6,3
DA:9,3
DA:15,3
DA:21,3
DA:26,3
DA:31,3
DA:34,0
LF:7
LH:6
BRF:0
BRH:0
end_of_record
TN:
SF:examples/todo-jwt/src/repositories/index.ts
FNF:0
FNH:0
DA:6,2
LF:1
LH:1
BRF:0
BRH:0
end_of_record
TN:
SF:examples/todo-jwt/src/repositories/todo.repository.ts
FN:16,(anonymous_0)
FNF:1
FNH:1
FNDA:1,(anonymous_0)
DA:6,2
DA:7,2
DA:8,2
DA:9,2
DA:11,2
DA:17,1
LF:6
LH:6
BRF:0
BRH:0
end_of_record
TN:
SF:examples/todo-list/src/application.ts
FN:23,(anonymous_0)
FNF:1
FNH:1
FNDA:5,(anonymous_0)
DA:6,3
DA:8,3
DA:9,3
DA:10,3
DA:14,3
DA:15,3
DA:16,3
DA:20,3
DA:24,5
DA:27,5
DA:30,5
DA:33,5
DA:36,5
DA:38,5
DA:40,5
LF:15
LH:15
BRDA:23,0,0,0
BRF:1
BRH:0
end_of_record
TN:
SF:examples/todo-list/src/index.ts
FN:10,main
FN:38,(anonymous_1)
FNF:2
FNH:0
FNDA:0,main
FNDA:0,(anonymous_1)
DA:6,2
DA:8,2
DA:10,2
DA:11,0
DA:12,0
DA:13,0
DA:15,0
DA:16,0
DA:17,0
DA:20,2
DA:22,0
DA:38,0
DA:39,0
DA:40,0
LF:14
LH:4
BRDA:10,0,0,0
BRDA:20,1,0,0
BRDA:20,1,1,2
BRDA:24,2,0,0
BRDA:24,2,1,0
BRDA:24,3,0,0
BRDA:24,3,1,0
BRF:7
BRH:1
end_of_record
TN:
SF:examples/todo-list/src/sequence.ts
FNF:0
FNH:0
DA:6,3
DA:8,3
LF:2
LH:2
BRF:0
BRH:0
end_of_record
TN:
SF:examples/todo-list/src/controllers/index.ts
FNF:0
FNH:0
DA:6,2
DA:7,2
DA:8,2
DA:9,2
DA:10,2
LF:5
LH:5
BRF:0
BRH:0
end_of_record
TN:
SF:examples/todo-list/src/controllers/todo-list-image.controller.ts
FN:28,(anonymous_0)
FN:43,(anonymous_1)
FN:67,(anonymous_2)
FN:88,(anonymous_3)
FN:102,(anonymous_4)
FN:128,(anonymous_5)
FN:143,(anonymous_6)
FN:164,(anonymous_7)
FN:178,(anonymous_8)
FN:194,(anonymous_9)
FNF:10
FNH:0
FNDA:0,(anonymous_0)
FNDA:0,(anonymous_1)
FNDA:0,(anonymous_2)
FNDA:0,(anonymous_3)
FNDA:0,(anonymous_4)
FNDA:0,(anonymous_5)
FNDA:0,(anonymous_6)
FNDA:0,(anonymous_7)
FNDA:0,(anonymous_8)
FNDA:0,(anonymous_9)
DA:6,3
DA:14,3
DA:24,3
DA:25,3
DA:27,3
DA:30,0
DA:43,3
DA:56,0
DA:67,3
DA:70,0
DA:88,3
DA:91,0
DA:102,3
DA:113,0
DA:128,3
DA:133,0
DA:143,3
DA:154,0
DA:164,3
DA:168,0
DA:178,3
DA:179,0
DA:194,3
DA:197,0
LF:24
LH:14
BRF:0
BRH:0
end_of_record
TN:
SF:examples/todo-list/src/controllers/todo-list-todo-list-image.controller.ts
FN:27,(anonymous_0)
FN:44,(anonymous_1)
FN:61,(anonymous_2)
FN:87,(anonymous_3)
FN:111,(anonymous_4)
FNF:5
FNH:3
FNDA:2,(anonymous_0)
FNDA:1,(anonymous_1)
FNDA:1,(anonymous_2)
FNDA:0,(anonymous_3)
FNDA:0,(anonymous_4)
DA:6,3
DA:13,3
DA:23,3
DA:24,3
DA:26,3
DA:29,2
DA:44,3
DA:48,1
DA:61,3
DA:76,1
DA:87,3
DA:100,0
DA:111,3
DA:116,0
LF:14
LH:12
BRF:0
BRH:0
end_of_record
TN:
SF:examples/todo-list/src/controllers/todo-list-todo.controller.ts
FN:27,(anonymous_0)
FN:40,(anonymous_1)
FN:69,(anonymous_2)
FN:84,(anonymous_3)
FN:107,(anonymous_4)
FNF:5
FNH:5
FNDA:13,(anonymous_0)
FNDA:2,(anonymous_1)
FNDA:5,(anonymous_2)
FNDA:3,(anonymous_3)
FNDA:3,(anonymous_4)
DA:6,3
DA:13,3
DA:23,3
DA:24,3
DA:26,3
DA:29,13
DA:40,3
DA:55,2
DA:69,3
DA:73,5
DA:84,3
DA:96,3
DA:107,3
DA:111,3
LF:14
LH:14
BRF:0
BRH:0
end_of_record
TN:
SF:examples/todo-list/src/controllers/todo-list.controller.ts
FN:28,(anonymous_0)
FN:41,(anonymous_1)
FN:65,(anonymous_2)
FN:84,(anonymous_3)
FN:98,(anonymous_4)
FN:124,(anonymous_5)
FN:139,(anonymous_6)
FN:160,(anonymous_7)
FN:171,(anonymous_8)
FNF:9
FNH:9
FNDA:22,(anonymous_0)
FNDA:2,(anonymous_1)
FNDA:3,(anonymous_2)
FNDA:5,(anonymous_3)
FNDA:3,(anonymous_4)
FNDA:3,(anonymous_5)
FNDA:3,(anonymous_6)
FNDA:2,(anonymous_7)
FNDA:1,(anonymous_8)
DA:6,3
DA:14,3
DA:24,3
DA:25,3
DA:27,3
DA:30,22
DA:41,3
DA:54,2
DA:65,3
DA:66,3
DA:84,3
DA:87,5
DA:98,3
DA:109,3
DA:124,3
DA:129,3
DA:139,3
DA:150,3
DA:160,3
DA:161,2
DA:171,3
DA:175,1
LF:22
LH:22
BRF:0
BRH:0
end_of_record
TN:
SF:examples/todo-list/src/controllers/todo.controller.ts
FN:28,(anonymous_0)
FN:41,(anonymous_1)
FN:69,(anonymous_2)
FN:91,(anonymous_3)
FN:102,(anonymous_4)
FN:116,(anonymous_5)
FN:137,(anonymous_6)
FN:153,(anonymous_7)
FN:167,(anonymous_8)
FN:179,(anonymous_9)
FNF:10
FNH:10
FNDA:22,(anonymous_0)
FNDA:2,(anonymous_1)
FNDA:3,(anonymous_2)
FNDA:5,(anonymous_3)
FNDA:3,(anonymous_4)
FNDA:3,(anonymous_5)
FNDA:3,(anonymous_6)
FNDA:1,(anonymous_7)
FNDA:1,(anonymous_8)
FNDA:1,(anonymous_9)
DA:6,3
DA:14,3
DA:24,3
DA:25,3
DA:27,3
DA:30,22
DA:41,3
DA:54,2
DA:69,3
DA:73,3
DA:91,3
DA:92,5
DA:102,3
DA:106,3
DA:116,3
DA:127,3
DA:137,3
DA:138,3
DA:153,3
DA:156,1
DA:167,3
DA:168,1
DA:179,3
DA:190,1
LF:24
LH:24
BRF:0
BRH:0
end_of_record
TN:
SF:examples/todo-list/src/datasources/db.datasource.ts
FN:28,(anonymous_0)
FNF:1
FNH:1
FNDA:5,(anonymous_0)
DA:6,3
DA:7,3
DA:9,3
DA:21,3
[...]
FNDA:262,(anonymous_1)
FNDA:297,(anonymous_2)
FNDA:66,(anonymous_3)
FNDA:27,(anonymous_4)
FNDA:752,isNodeWithValue
FNDA:138,traverse
FNDA:634,matchChildren
FNDA:788,search
FNDA:1124,createNode
FNDA:223,(anonymous_10)
DA:6,7
DA:8,7
DA:48,7
DA:49,420
DA:57,262
DA:58,262
DA:68,297
DA:69,297
DA:70,297
DA:71,297
DA:72,138
DA:82,66
DA:83,66
DA:84,27
DA:86,66
DA:91,752
DA:100,138
DA:101,138
DA:102,72
DA:112,634
DA:114,634
DA:115,634
DA:116,341
DA:119,341
DA:123,293
DA:124,165
DA:125,165
DA:126,154
DA:127,154
DA:128,154
DA:129,154
DA:130,154
DA:131,155
DA:132,155
DA:134,154
DA:137,293
DA:154,788
DA:155,788
DA:156,788
DA:158,634
DA:159,634
DA:161,488
DA:162,491
DA:163,491
DA:164,460
DA:165,460
DA:169,28
DA:185,1124
DA:186,1124
DA:188,863
DA:189,863
DA:190,863
DA:192,241
DA:193,16
DA:194,15
DA:196,1
DA:197,1
DA:203,240
DA:209,622
DA:214,622
DA:215,246
DA:219,622
DA:220,622
DA:221,622
DA:223,622
DA:224,223
DA:225,222
DA:229,622
DA:232,622
LF:69
LH:69
BRDA:71,0,0,159
BRDA:71,0,1,138
BRDA:71,1,0,297
BRDA:71,1,1,138
BRDA:100,2,0,27
BRDA:100,2,1,111
BRDA:115,3,0,341
BRDA:115,3,1,293
BRDA:125,4,0,11
BRDA:125,4,1,154
BRDA:125,5,0,165
BRDA:125,5,1,154
BRDA:127,6,0,154
BRDA:127,6,1,0
BRDA:156,7,0,154
BRDA:156,7,1,634
BRDA:159,8,0,146
BRDA:159,8,1,488
BRDA:163,9,0,460
BRDA:163,9,1,31
BRDA:163,10,0,491
BRDA:163,10,1,476
BRDA:186,11,0,261
BRDA:186,11,1,863
BRDA:190,12,0,241
BRDA:190,12,1,622
BRDA:192,13,0,16
BRDA:192,13,1,225
BRDA:193,14,0,15
BRDA:193,14,1,1
BRDA:196,15,0,1
BRDA:196,15,1,0
BRDA:214,16,0,246
BRDA:214,16,1,376
BRDA:223,17,0,222
BRDA:223,17,1,400
BRF:36
BRH:34
end_of_record
TN:
SF:packages/rest/src/spec-enhancers/consolidate.spec-enhancer.ts
FN:66,(anonymous_0)
FN:73,(anonymous_1)
FN:82,(anonymous_2)
FN:89,(anonymous_3)
FN:95,(anonymous_4)
FN:117,(anonymous_5)
FN:146,(anonymous_6)
FN:155,(anonymous_7)
FN:163,(anonymous_8)
FN:170,(anonymous_9)
FN:179,(anonymous_10)
FNF:11
FNH:11
FNDA:58,(anonymous_0)
FNDA:67,(anonymous_1)
FNDA:65,(anonymous_2)
FNDA:15436,(anonymous_3)
FNDA:15899,(anonymous_4)
FNDA:15371,(anonymous_5)
FNDA:27,(anonymous_6)
FNDA:17,(anonymous_7)
FNDA:22,(anonymous_8)
FNDA:15371,(anonymous_9)
FNDA:15436,(anonymous_10)
DA:6,7
DA:13,7
DA:22,7
DA:23,7
DA:24,7
DA:26,7
DA:62,7
DA:63,58
DA:68,58
DA:70,58
DA:74,67
DA:84,65
DA:86,65
DA:94,15436
DA:95,8484
DA:96,15899
DA:97,15371
DA:98,15371
DA:122,15371
DA:123,15371
DA:125,22
DA:126,22
DA:127,22
DA:128,22
DA:134,5
DA:135,5
DA:137,22
DA:138,17
DA:139,17
DA:141,22
DA:142,22
DA:150,27
DA:152,27
DA:160,17
DA:164,22
DA:167,22
DA:174,15371
DA:180,15436
LF:38
LH:38
BRDA:70,0,0,52
BRDA:70,0,1,6
BRDA:70,1,0,58
BRDA:70,1,1,58
BRDA:70,2,0,26
BRDA:70,2,1,32
BRDA:70,3,0,58
BRDA:70,3,1,58
BRDA:70,4,0,1
BRDA:70,4,1,57
BRDA:70,5,0,58
BRDA:70,5,1,58
BRDA:74,6,0,65
BRDA:74,6,1,2
BRDA:94,7,0,8484
BRDA:94,7,1,6952
BRDA:96,8,0,15371
BRDA:96,8,1,528
BRDA:123,9,0,22
BRDA:123,9,1,15349
BRDA:129,10,0,27
BRDA:129,10,1,10
BRDA:137,11,0,17
BRDA:137,11,1,5
BRDA:175,12,0,22
BRDA:175,12,1,15349
BRDA:174,13,0,15371
BRDA:174,13,1,14159
BRDA:174,13,2,470
BRDA:180,14,0,8484
BRDA:180,14,1,6952
BRDA:180,15,0,15436
BRDA:180,15,1,15436
BRF:33
BRH:33
end_of_record
TN:
SF:packages/rest/src/spec-enhancers/info.spec-enhancer.ts
FN:35,(anonymous_0)
FN:40,(anonymous_1)
FN:74,(anonymous_2)
FNF:3
FNH:3
FNDA:57,(anonymous_0)
FNDA:62,(anonymous_1)
FNDA:10,(anonymous_2)
DA:6,7
DA:15,7
DA:23,7
DA:25,7
DA:32,7
DA:33,57
DA:37,57
DA:41,62
DA:42,52
DA:43,52
DA:45,10
DA:50,10
DA:52,10
DA:64,10
DA:65,10
DA:75,10
DA:76,10
DA:77,2
DA:78,8
DA:80,7
DA:81,7
DA:82,7
DA:83,7
DA:88,1
DA:89,1
DA:90,1
DA:97,10
DA:98,24
DA:100,10
LF:29
LH:29
BRDA:41,0,0,52
BRDA:41,0,1,10
BRDA:50,1,0,10
BRDA:50,1,1,9
BRDA:54,2,0,9
BRDA:54,2,1,1
BRDA:54,3,0,1
BRDA:54,3,1,0
BRDA:54,4,0,1
BRDA:54,4,1,1
BRDA:56,5,0,9
BRDA:56,5,1,1
BRDA:57,6,0,0
BRDA:57,6,1,1
BRDA:57,7,0,1
BRDA:57,7,1,1
BRDA:59,8,0,9
BRDA:59,8,1,1
BRDA:60,9,0,1
BRDA:60,9,1,0
BRDA:60,10,0,1
BRDA:60,10,1,1
BRDA:61,11,0,9
BRDA:61,11,1,1
BRDA:61,12,0,1
BRDA:61,12,1,0
BRDA:61,13,0,1
BRDA:61,13,1,1
BRDA:76,14,0,2
BRDA:76,14,1,8
BRDA:78,15,0,7
BRDA:78,15,1,1
BRDA:84,16,0,0
BRDA:84,16,1,7
BRDA:84,17,0,7
BRDA:84,17,1,7
BRDA:84,18,0,0
BRDA:84,18,1,7
BRDA:84,19,0,7
BRDA:84,19,1,7
BRDA:85,20,0,5
BRDA:85,20,1,2
BRDA:85,21,0,7
BRDA:85,21,1,7
BRDA:85,22,0,5
BRDA:85,22,1,2
BRDA:85,23,0,7
BRDA:85,23,1,2
BRDA:86,24,0,5
BRDA:86,24,1,2
BRDA:86,25,0,7
BRDA:86,25,1,7
BRDA:86,26,0,5
BRDA:86,26,1,2
BRDA:86,27,0,7
BRDA:86,27,1,2
BRDA:88,28,0,1
BRDA:88,28,1,0
BRDA:98,29,0,10
BRDA:98,29,1,14
BRF:60
BRH:53
end_of_record
TN:
SF:packages/rest/src/validation/ajv-factory.provider.ts
FN:35,(anonymous_0)
FN:49,(anonymous_1)
FN:50,(anonymous_2)
FN:80,(anonymous_3)
FN:91,(anonymous_4)
FNF:5
FNH:5
FNDA:360,(anonymous_0)
FNDA:360,(anonymous_1)
FNDA:247,(anonymous_2)
FNDA:1,(anonymous_3)
FNDA:1,(anonymous_4)
DA:6,7
DA:13,7
DA:14,7
DA:15,7
DA:17,7
DA:19,7
DA:21,7
DA:22,7
DA:24,7
DA:34,7
DA:40,360
DA:44,7
DA:47,7
DA:50,360
DA:51,247
DA:56,247
DA:64,247
DA:65,247
DA:67,247
DA:68,232
DA:69,15
DA:70,1
DA:73,247
DA:74,228
DA:75,19
DA:76,3
DA:79,247
DA:80,181
DA:81,1
DA:82,1
DA:86,247
DA:87,1482
DA:90,247
DA:91,181
DA:92,1
DA:93,1
DA:97,247
LF:37
LH:37
BRDA:40,0,0,305
BRDA:67,1,0,232
BRDA:67,1,1,15
BRDA:69,2,0,1
BRDA:69,2,1,14
BRDA:73,3,0,228
BRDA:73,3,1,19
BRDA:75,4,0,3
BRDA:75,4,1,16
BRDA:75,5,0,16
BRDA:75,5,1,3
BRDA:75,6,0,19
BRDA:75,6,1,19
BRDA:79,7,0,181
BRDA:79,7,1,66
BRDA:90,8,0,181
BRDA:90,8,1,66
BRF:17
BRH:17
end_of_record
TN:
SF:packages/rest/src/validation/openapi-formats.ts
FN:14,(anonymous_0)
FN:28,(anonymous_1)
FN:42,(anonymous_2)
FN:54,(anonymous_3)
FN:68,(anonymous_4)
FN:81,(anonymous_5)
FNF:6
FNH:6
FNDA:19,(anonymous_0)
FNDA:7,(anonymous_1)
FNDA:4,(anonymous_2)
FNDA:4,(anonymous_3)
FNDA:4,(anonymous_4)
FNDA:1,(anonymous_5)
DA:11,7
DA:15,19
DA:25,7
DA:29,7
DA:30,7
DA:31,7
DA:39,7
DA:43,4
DA:51,7
DA:55,4
DA:56,4
DA:57,4
DA:65,7
DA:69,4
DA:70,4
DA:78,7
DA:81,1
DA:85,7
LF:18
LH:18
BRDA:16,0,0,19
BRDA:16,0,1,18
BRDA:16,0,2,17
BRDA:31,1,0,7
BRDA:31,1,1,4
BRDA:31,1,2,4
BRDA:43,2,0,4
BRDA:43,2,1,3
BRDA:57,3,0,4
BRDA:57,3,1,3
BRF:10
BRH:10
end_of_record
TN:
SF:packages/rest/src/validation/request-body.validator.ts
FN:40,validateRequestBody
FN:85,convertToJsonSchema
FN:107,getKeyForOptions
FN:127,validateValueAgainstSchema
FN:195,buildErrorDetails
FN:199,(anonymous_5)
FN:216,createValidator
FNF:7
FNH:7
FNDA:706,validateRequestBody
FNDA:207,convertToJsonSchema
FNDA:398,getKeyForOptions
FNDA:398,validateValueAgainstSchema
FNDA:41,buildErrorDetails
FNDA:54,(anonymous_5)
FNDA:207,createValidator
DA:6,7
DA:14,7
DA:15,7
DA:16,7
DA:22,7
DA:27,7
DA:28,7
DA:40,7
DA:46,706
DA:48,706
DA:49,4
DA:56,4
DA:59,702
DA:61,702
DA:72,702
DA:74,143
DA:75,143
DA:86,207
DA:87,207
DA:89,207
DA:95,207
DA:101,7
DA:110,398
DA:112,398
DA:113,398
DA:114,2494
DA:115,2486
DA:117,398
DA:127,7
DA:136,398
DA:137,398
DA:140,398
DA:141,192
DA:142,192
DA:145,398
DA:147,207
DA:148,207
DA:149,207
DA:150,206
DA:151,206
DA:152,206
DA:155,397
DA:156,397
DA:157,397
DA:158,356
DA:162,356
DA:164,41
DA:168,41
DA:176,41
DA:177,1
DA:181,41
DA:182,39
DA:185,39
DA:189,2
DA:192,2
DA:198,41
DA:200,54
DA:221,207
DA:224,207
DA:225,207
DA:227,267
DA:229,207
DA:232,207
DA:234,207
LF:64
LH:64
BRDA:43,0,0,8
BRDA:44,1,0,13
BRDA:46,2,0,560
BRDA:46,2,1,146
BRDA:46,3,0,706
BRDA:46,3,1,706
BRDA:48,4,0,4
BRDA:48,4,1,702
BRDA:48,5,0,706
BRDA:48,5,1,39
BRDA:61,6,0,702
BRDA:72,7,0,559
BRDA:72,7,1,143
BRDA:89,8,0,207
BRDA:108,9,0,0
BRDA:114,10,0,8
BRDA:114,10,1,2486
BRDA:131,11,0,0
BRDA:132,12,0,0
BRDA:136,13,0,8
BRDA:136,13,1,390
BRDA:136,14,0,398
BRDA:136,14,1,398
BRDA:140,15,0,192
BRDA:140,15,1,206
BRDA:145,16,0,207
BRDA:145,16,1,191
BRDA:147,17,0,162
BRDA:147,17,1,45
BRDA:147,18,0,207
BRDA:147,18,1,207
BRDA:150,19,0,1
BRDA:150,19,1,205
BRDA:150,20,0,206
BRDA:150,20,1,206
BRDA:168,21,0,41
BRDA:176,22,0,1
BRDA:176,22,1,40
BRDA:181,23,0,39
BRDA:181,23,1,2
BRDA:189,24,0,2
BRDA:189,24,1,0
BRDA:189,25,0,2
BRDA:189,25,1,2
BRDA:203,26,0,54
BRDA:203,26,1,0
BRDA:203,27,0,54
BRDA:203,27,1,54
BRDA:218,28,0,0
BRF:49
BRH:43
end_of_record
TN:
SF:packages/security/src/index.ts
FNF:0
FNH:0
DA:26,7
DA:27,7
LF:2
LH:2
BRF:0
BRH:0
end_of_record
TN:
SF:packages/security/src/keys.ts
FN:12,(anonymous_0)
FNF:1
FNH:1
FNDA:7,(anonymous_0)
DA:6,7
DA:12,7
DA:16,7
DA:21,7
LF:4
LH:4
BRDA:12,0,0,7
BRDA:12,0,1,7
BRF:2
BRH:2
end_of_record
TN:
SF:packages/security/src/types.ts
FN:25,(anonymous_0)
FN:29,(anonymous_1)
FN:97,(anonymous_2)
FN:159,(anonymous_3)
FN:164,(anonymous_4)
FN:170,(anonymous_5)
FN:174,(anonymous_6)
FN:180,(anonymous_7)
FN:186,(anonymous_8)
FN:197,(anonymous_9)
FNF:10
FNH:10
FNDA:3,(anonymous_0)
FNDA:1,(anonymous_1)
FNDA:3,(anonymous_2)
FNDA:1,(anonymous_3)
FNDA:1,(anonymous_4)
FNDA:1,(anonymous_5)
FNDA:1,(anonymous_6)
FNDA:1,(anonymous_7)
FNDA:2,(anonymous_8)
FNDA:1,(anonymous_9)
DA:9,7
DA:24,7
DA:26,3
DA:27,3
DA:30,1
DA:76,7
DA:98,3
DA:99,3
DA:100,3
DA:101,1
DA:103,3
DA:105,3
DA:159,7
DA:160,1
DA:161,1
DA:162,1
DA:165,1
DA:166,1
DA:171,1
DA:175,1
DA:176,2
DA:181,1
DA:182,1
DA:188,2
DA:189,3
DA:190,2
DA:191,2
DA:194,2
DA:198,1
LF:29
LH:29
BRDA:100,0,0,1
BRDA:100,0,1,2
BRDA:103,1,0,1
BRDA:103,1,1,2
BRDA:189,2,0,2
BRDA:189,2,1,1
BRF:6
BRH:6
end_of_record
TN:
SF:packages/service-proxy/src/index.ts
FNF:0
FNH:0
DA:13,7
DA:14,7
DA:15,7
LF:3
LH:3
BRF:0
BRH:0
end_of_record
TN:
SF:packages/service-proxy/src/legacy-juggler-bridge.ts
FN:8,(anonymous_0)
FN:28,getService
FNF:2
FNH:2
FNDA:7,(anonymous_0)
FNDA:30,getService
DA:6,7
DA:8,7
DA:10,7
DA:28,7
DA:31,30
DA:33,30
LF:6
LH:6
BRDA:8,0,0,7
BRDA:8,0,1,7
BRF:2
BRH:2
end_of_record
TN:
SF:packages/service-proxy/src/decorators/service.decorator.ts
FN:33,(anonymous_0)
FN:42,serviceProxy
FN:43,(anonymous_2)
FN:60,resolve
FNF:4
FNH:4
FNDA:3,(anonymous_0)
FNDA:3,serviceProxy
FNDA:3,(anonymous_2)
FNDA:3,resolve
DA:6,7
DA:13,7
DA:20,7
DA:28,7
DA:29,3
DA:34,3
DA:35,2
DA:37,1
DA:42,7
DA:43,3
DA:44,3
DA:45,3
DA:46,3
DA:48,0
DA:61,3
DA:62,3
DA:63,2
DA:64,1
DA:67,1
DA:69,1
LF:20
LH:19
BRDA:34,0,0,2
BRDA:34,0,1,1
BRDA:44,1,0,3
BRDA:44,1,1,0
BRDA:44,2,0,3
BRDA:44,2,1,3
BRDA:62,3,0,1
BRDA:62,3,1,2
BRDA:63,4,0,1
BRDA:63,4,1,1
BRF:10
BRH:9
end_of_record
TN:
SF:packages/service-proxy/src/mixins/index.ts
FNF:0
FNH:0
DA:6,7
LF:1
LH:1
BRF:0
BRH:0
end_of_record
TN:
SF:packages/service-proxy/src/mixins/service.mixin.ts
FN:54,ServiceMixin
FN:85,(anonymous_1)
FN:117,(anonymous_2)
FN:133,(anonymous_3)
FN:171,(anonymous_4)
FN:202,(anonymous_5)
FN:227,(anonymous_6)
FN:238,(anonymous_7)
FNF:8
FNH:4
FNDA:48,ServiceMixin
FNDA:5,(anonymous_1)
FNDA:124,(anonymous_2)
FNDA:124,(anonymous_3)
FNDA:0,(anonymous_4)
FNDA:0,(anonymous_5)
FNDA:0,(anonymous_6)
FNDA:0,(anonymous_7)
DA:54,7
DA:57,48
DA:89,5
DA:121,124
DA:122,124
DA:123,124
DA:138,124
DA:139,124
DA:141,124
DA:142,1
DA:143,1
DA:169,7
DA:172,0
DA:203,0
DA:228,0
LF:15
LH:12
BRDA:138,0,0,124
BRDA:138,0,1,0
BRDA:138,1,0,124
BRDA:138,1,1,124
BRDA:141,2,0,1
BRDA:141,2,1,123
BRF:6
BRH:5
end_of_record
TN:
SF:packages/testlab/src/client.ts
FN:22,createClientForHandler
FN:35,createRestAppClient
FNF:2
FNH:2
FNDA:189,createClientForHandler
FNDA:164,createRestAppClient
DA:10,7
DA:11,7
DA:13,7
DA:22,7
DA:25,189
DA:26,189
DA:35,7
DA:36,164
DA:37,164
DA:38,0
DA:42,164
LF:11
LH:10
BRDA:36,0,0,164
BRDA:36,0,1,0
BRDA:36,1,0,164
BRDA:36,1,1,164
BRDA:37,2,0,0
BRDA:37,2,1,164
BRF:6
BRH:4
end_of_record
TN:
SF:packages/testlab/src/expect.ts
FN:11,(anonymous_0)
FNF:1
FNH:1
FNDA:7,(anonymous_0)
DA:9,7
DA:11,7
DA:12,7
DA:15,7
LF:4
LH:4
BRF:0
BRH:0
end_of_record
TN:
SF:packages/testlab/src/http-error-logger.ts
FN:14,createUnexpectedHttpErrorLogger
FN:17,logUnexpectedHttpError
FNF:2
FNH:2
FNDA:40,createUnexpectedHttpErrorLogger
FNDA:14,logUnexpectedHttpError
DA:14,7
DA:17,40
DA:22,14
LF:3
LH:3
BRDA:22,0,0,14
BRDA:22,0,1,0
BRF:2
BRH:1
end_of_record
TN:
SF:packages/testlab/src/http-server-config.ts
FN:38,assertHostPort
FN:52,givenHttpServerConfig
FN:74,setupTlsConfig
FN:83,isHttpsConfig
FN:93,assertHttpConfig
FNF:5
FNH:5
FNDA:306,assertHostPort
FNDA:306,givenHttpServerConfig
FNDA:12,setupTlsConfig
FNDA:306,isHttpsConfig
FNDA:294,assertHttpConfig
DA:6,7
DA:7,7
DA:10,7
DA:12,7
DA:13,7
DA:39,306
DA:40,306
DA:52,7
DA:55,306
DA:57,306
DA:58,12
DA:59,12
DA:60,12
DA:61,12
DA:62,12
DA:63,12
DA:66,294
DA:67,294
DA:68,294
DA:69,294
DA:70,294
DA:71,294
DA:75,12
DA:76,6
DA:77,4
DA:86,306
DA:96,294
LF:27
LH:27
BRDA:57,0,0,12
BRDA:57,0,1,294
BRDA:59,1,0,5
BRDA:59,1,1,7
BRDA:60,2,0,4
BRDA:60,2,1,8
BRDA:68,3,0,292
BRDA:68,3,1,2
BRDA:69,4,0,237
BRDA:69,4,1,57
BRDA:75,5,0,6
BRDA:75,5,1,6
BRDA:75,6,0,12
BRDA:75,6,1,6
BRDA:76,7,0,2
BRDA:76,7,1,4
BRDA:86,8,0,215
BRDA:86,8,1,91
BRDA:86,9,0,306
BRDA:86,9,1,306
BRDA:96,10,0,294
BRDA:96,10,1,0
BRDA:96,11,0,215
BRDA:96,11,1,79
BRDA:96,12,0,294
BRDA:96,12,1,294
BRDA:96,13,0,0
BRDA:96,13,1,0
BRDA:96,14,0,0
BRDA:96,14,1,0
BRF:30
BRH:25
end_of_record
TN:
SF:packages/testlab/src/index.ts
FNF:0
FNH:0
DA:27,7
DA:28,7
DA:29,7
DA:30,7
DA:31,7
DA:32,7
DA:33,7
DA:34,7
DA:35,7
DA:36,7
DA:37,7
LF:11
LH:11
BRF:0
BRH:0
end_of_record
TN:
SF:packages/testlab/src/request.ts
FN:14,httpGetAsync
FN:18,(anonymous_1)
FN:29,httpsGetAsync
FN:42,(anonymous_3)
FNF:4
FNH:4
FNDA:8,httpGetAsync
FNDA:8,(anonymous_1)
FNDA:10,httpsGetAsync
FNDA:10,(anonymous_3)
DA:6,7
DA:7,7
DA:8,7
DA:14,7
DA:18,8
DA:19,8
DA:20,8
DA:21,8
DA:29,7
DA:33,10
DA:39,10
DA:40,10
DA:42,10
DA:43,10
LF:14
LH:14
BRDA:34,0,0,0
BRDA:34,0,1,10
BRDA:34,1,0,10
BRDA:34,1,1,10
BRF:4
BRH:3
end_of_record
TN:
SF:packages/testlab/src/shot.ts
FN:33,stubServerRequest
FN:53,stubServerResponse
FN:74,stubHandlerContext
FN:79,(anonymous_3)
FN:95,stubExpressContext
FN:115,(anonymous_5)
FN:141,parseQuery
FN:145,(anonymous_7)
FN:148,defineCustomContextInspect
FN:153,(anonymous_9)
FN:158,(anonymous_10)
FN:163,(anonymous_11)
FN:167,(anonymous_12)
FN:170,(anonymous_13)
FN:186,defineCustomInspect
FNF:15
FNH:7
FNDA:0,stubServerRequest
FNDA:0,stubServerResponse
FNDA:0,stubHandlerContext
FNDA:0,(anonymous_3)
FNDA:220,stubExpressContext
FNDA:220,(anonymous_5)
FNDA:220,parseQuery
FNDA:220,(anonymous_7)
FNDA:220,defineCustomContextInspect
FNDA:0,(anonymous_9)
FNDA:0,(anonymous_10)
FNDA:0,(anonymous_11)
FNDA:13,(anonymous_12)
FNDA:0,(anonymous_13)
FNDA:453,defineCustomInspect
DA:13,7
DA:20,7
DA:25,7
DA:28,7
DA:30,7
DA:33,7
DA:36,0
DA:41,0
DA:42,0
DA:45,7
DA:53,7
DA:57,0
DA:62,0
DA:63,0
DA:74,7
DA:77,0
DA:79,0
DA:80,0
DA:83,0
DA:84,0
DA:85,0
DA:95,7
DA:98,220
DA:100,220
DA:102,220
DA:103,220
DA:104,5060
DA:110,220
DA:111,220
DA:112,220
DA:115,220
DA:116,220
DA:118,220
DA:119,220
DA:120,220
DA:121,5060
DA:127,220
DA:128,220
DA:129,220
DA:132,220
DA:133,220
DA:134,220
DA:145,220
DA:153,220
DA:154,0
DA:156,220
DA:158,0
DA:161,220
DA:164,0
DA:167,220
DA:168,13
DA:171,0
DA:176,13
DA:184,7
DA:190,453
LF:55
LH:39
BRDA:75,0,0,0
BRDA:96,1,0,14
BRF:2
BRH:1
end_of_record
TN:
SF:packages/testlab/src/sinon.ts
FN:33,createStubInstance
FNF:1
FNH:1
FNDA:69,createStubInstance
DA:6,7
DA:8,7
DA:33,7
DA:36,69
DA:37,69
LF:5
LH:5
BRF:0
BRH:0
end_of_record
TN:
SF:packages/testlab/src/skip.ts
FN:36,skipIf
FN:66,skipOnTravis
FNF:2
FNH:2
FNDA:17,skipIf
FNDA:5,skipOnTravis
DA:36,7
DA:42,17
DA:43,3
DA:45,14
DA:66,7
DA:71,5
DA:72,0
DA:74,5
LF:8
LH:7
BRDA:42,0,0,3
BRDA:42,0,1,14
BRDA:71,1,0,0
BRDA:71,1,1,5
BRF:4
BRH:3
end_of_record
TN:
SF:packages/testlab/src/test-sandbox.ts
FN:79,(anonymous_0)
FN:45,(anonymous_1)
FN:96,(anonymous_2)
FN:112,(anonymous_3)
FN:122,(anonymous_4)
FN:137,(anonymous_5)
FN:166,(anonymous_6)
FN:177,(anonymous_7)
FNF:8
FNH:8
FNDA:76,(anonymous_0)
FNDA:1640225,(anonymous_1)
FNDA:243,(anonymous_2)
FNDA:7,(anonymous_3)
FNDA:7,(anonymous_4)
FNDA:97,(anonymous_5)
FNDA:3,(anonymous_6)
FNDA:9,(anonymous_7)
DA:6,7
DA:19,7
DA:41,7
DA:46,1640225
DA:47,5
DA:51,1640220
DA:80,76
DA:81,76
DA:82,76
DA:83,76
DA:84,76
DA:85,4
DA:89,72
DA:100,243
DA:101,1639243
DA:102,45
DA:106,242
DA:113,7
DA:114,6
DA:123,7
DA:142,97
DA:146,96
DA:147,87
DA:149,9
DA:150,9
DA:151,9
DA:154,96
DA:155,83
DA:156,83
DA:167,3
DA:168,3
DA:178,9
DA:179,9
LF:33
LH:33
BRDA:83,0,0,3
BRDA:83,0,1,73
BRDA:84,1,0,4
BRDA:84,1,1,72
BRDA:46,2,0,5
BRDA:46,2,1,1640220
BRDA:101,3,0,45
BRDA:101,3,1,1639197
BRDA:143,4,0,59
BRDA:143,4,1,38
BRDA:146,5,0,87
BRDA:146,5,1,9
BRDA:154,6,0,83
BRDA:154,6,1,13
BRDA:154,7,0,96
BRDA:154,7,1,83
BRF:16
BRH:16
end_of_record
TN:
SF:packages/testlab/src/to-json.ts
FN:52,toJSON
FNF:1
FNH:1
FNDA:266,toJSON
DA:52,7
DA:53,266
LF:2
LH:2
BRF:0
BRH:0
end_of_record
TN:
SF:packages/testlab/src/validate-api-spec.ts
FN:12,validateApiSpec
FNF:1
FNH:1
FNDA:5,validateApiSpec
DA:6,7
DA:7,7
DA:9,7
DA:12,7
DA:13,5
DA:15,5
DA:16,5
DA:18,0
LF:8
LH:7
BRF:0
BRH:0
end_of_record
TN:
SF:packages/tsdocs/src/helper.ts
FN:48,getUnscopedPackageName
FN:60,getPackages
FN:64,(anonymous_2)
FN:73,shouldGenerateTsDocs
FN:100,getPackagesWithTsDocs
FNF:5
FNH:5
FNDA:2,getUnscopedPackageName
FNDA:2,getPackages
FNDA:6,(anonymous_2)
FNDA:8,shouldGenerateTsDocs
FNDA:2,getPackagesWithTsDocs
DA:7,1
DA:8,1
DA:10,1
DA:48,1
DA:49,2
DA:50,0
DA:52,2
DA:60,1
DA:63,2
DA:64,6
DA:65,2
DA:73,1
DA:75,8
DA:77,8
DA:80,6
DA:82,6
DA:86,2
DA:90,4
DA:92,4
DA:100,1
DA:103,2
DA:104,2
DA:110,1
DA:181,1
DA:186,1
LF:25
LH:24
BRDA:49,0,0,0
BRDA:49,0,1,2
BRDA:61,1,0,0
BRDA:75,2,0,0
BRDA:75,2,1,8
BRDA:77,3,0,2
BRDA:77,3,1,6
BRDA:77,4,0,8
BRDA:77,4,1,2
BRDA:80,5,0,6
BRDA:82,6,0,2
BRDA:82,6,1,4
BRDA:83,7,0,6
BRDA:83,7,1,6
BRDA:90,8,0,4
BRDA:101,9,0,0
BRF:16
BRH:12
end_of_record
TN:
SF:packages/tsdocs/src/index.ts
FNF:0
FNH:0
DA:21,1
DA:22,1
DA:23,1
LF:3
LH:3
BRF:0
BRH:0
end_of_record
TN:
SF:packages/tsdocs/src/monorepo-api-extractor.ts
FN:39,runExtractorForMonorepo
FN:95,runExtractorForPackage
FN:131,invokeExtractorForPackage
FN:156,setupApiDocsDirs
FN:177,createRawExtractorConfig
FN:228,buildExtractorConfig
FN:244,invokeExtractor
FN:259,(anonymous_7)
FNF:8
FNH:8
FNDA:1,runExtractorForMonorepo
FNDA:1,runExtractorForPackage
FNDA:3,invokeExtractorForPackage
FNDA:2,setupApiDocsDirs
FNDA:3,createRawExtractorConfig
FNDA:3,buildExtractorConfig
FNDA:3,invokeExtractor
FNDA:12,(anonymous_7)
DA:6,1
DA:17,1
DA:18,1
DA:19,1
DA:20,1
DA:27,1
DA:39,1
DA:40,1
DA:42,1
DA:53,1
DA:56,1
DA:58,1
DA:61,1
DA:65,1
DA:67,1
DA:69,1
DA:71,2
DA:72,2
DA:73,0
DA:74,0
DA:76,0
DA:80,1
DA:81,0
DA:85,0
DA:86,0
DA:87,0
DA:89,0
DA:95,1
DA:99,1
DA:109,1
DA:110,1
DA:111,1
DA:118,1
DA:119,1
DA:120,0
DA:121,0
DA:123,0
DA:135,3
DA:136,0
DA:138,3
DA:139,3
DA:140,3
DA:141,3
DA:142,3
DA:143,3
DA:145,0
DA:146,0
DA:158,2
DA:159,2
DA:161,2
DA:163,2
DA:165,2
DA:166,2
DA:181,3
DA:182,3
DA:183,3
DA:215,3
DA:218,3
DA:219,3
DA:229,3
DA:230,3
DA:235,3
DA:248,3
DA:253,3
DA:255,3
DA:260,12
DA:263,3
DA:268,3
LF:68
LH:54
BRDA:39,0,0,0
BRDA:56,1,0,1
BRDA:61,2,0,1
BRDA:72,3,0,0
BRDA:72,3,1,2
BRDA:73,4,0,0
BRDA:73,4,1,0
BRDA:80,5,0,1
BRDA:80,5,1,0
BRDA:87,6,0,0
BRDA:87,6,1,0
BRDA:87,7,0,0
BRDA:87,7,1,0
BRDA:87,8,0,0
BRDA:87,8,1,0
BRDA:87,9,0,0
BRDA:87,9,1,0
BRDA:96,10,0,0
BRDA:97,11,0,0
BRDA:119,12,0,1
BRDA:119,12,1,0
BRDA:120,13,0,0
BRDA:120,13,1,0
BRDA:135,14,0,0
BRDA:135,14,1,3
BRDA:158,15,0,2
BRDA:163,16,0,0
BRDA:163,16,1,2
BRDA:215,17,0,3
BRDA:253,18,0,3
BRDA:260,19,0,3
BRDA:260,19,1,9
BRF:32
BRH:12
end_of_record
TN:
SF:packages/tsdocs/src/update-api-md-docs.ts
FN:26,updateApiDocs
FN:61,addJekyllMetadata
FNF:2
FNH:2
FNDA:1,updateApiDocs
FNDA:1,addJekyllMetadata
DA:6,1
DA:7,1
DA:8,1
DA:9,1
DA:18,1
DA:26,1
DA:27,1
DA:36,1
DA:39,1
DA:41,1
DA:43,1
DA:44,2
DA:47,1
DA:49,1
DA:50,1
DA:65,1
DA:66,1
DA:67,1
DA:68,0
DA:69,0
DA:71,1
DA:72,1
DA:74,10
DA:75,10
DA:76,10
DA:79,10
DA:86,10
DA:87,10
DA:89,10
DA:91,10
DA:92,10
DA:93,10
DA:94,9
DA:100,10
DA:104,10
DA:105,2
DA:118,2
DA:119,2
DA:120,2
DA:121,2
DA:122,2
DA:129,10
DA:141,10
DA:142,10
DA:145,1
LF:45
LH:43
BRDA:26,0,0,0
BRDA:39,1,0,1
BRDA:50,2,0,1
BRDA:50,2,1,0
BRDA:67,3,0,0
BRDA:67,3,1,1
BRDA:74,4,0,10
BRDA:76,5,0,10
BRDA:76,5,1,3
BRDA:79,6,0,10
BRDA:92,7,0,0
BRDA:92,7,1,10
BRDA:92,8,0,10
BRDA:92,8,1,10
BRDA:93,9,0,9
BRDA:93,9,1,1
BRDA:101,10,0,1
BRDA:101,10,1,9
BRDA:104,11,0,2
BRDA:104,11,1,8
BRDA:104,12,0,10
BRDA:104,12,1,2
BRDA:120,13,0,2
BRDA:120,13,1,0
BRDA:120,14,0,2
BRDA:120,14,1,2
BRDA:141,15,0,10
BRDA:141,15,1,0
BRF:28
BRH:22
end_of_record
